2023-04-02 22:26:17.705635 - Initialized conversion of CBT182
2023-04-02 22:26:25.136826 - Received SBGOLOB.CBT505.FILE182 from FILE182.XMI 
2023-04-02 22:26:25.139682 - Found $$$$$$$$.txt (text/plain) in SBGOLOB.CBT505.FILE182, moved to FILE182/$$$$$$$$
2023-04-02 22:26:25.140707 - Found $$$$QWIK.txt (text/plain) in SBGOLOB.CBT505.FILE182, moved to FILE182/$$$$QWIK
2023-04-02 22:26:25.142013 - Found $$$$READ.txt (text/plain) in SBGOLOB.CBT505.FILE182, moved to FILE182/$$$$READ
2023-04-02 22:26:25.143135 - Found $$$$TEST.txt (text/plain) in SBGOLOB.CBT505.FILE182, moved to FILE182/$$$$TEST
2023-04-02 22:26:25.144266 - Found $$$$ZXDC.txt (text/plain) in SBGOLOB.CBT505.FILE182, moved to FILE182/$$$$ZXDC
2023-04-02 22:26:25.145385 - Found $$$#DATE.txt (text/plain) in SBGOLOB.CBT505.FILE182, moved to FILE182/$$$#DATE
2023-04-02 22:26:25.146401 - Found $$$BUGS.txt (text/plain) in SBGOLOB.CBT505.FILE182, moved to FILE182/$$$BUGS
2023-04-02 22:26:25.147468 - Found $$$CTBL.txt (text/plain) in SBGOLOB.CBT505.FILE182, moved to FILE182/$$$CTBL
2023-04-02 22:26:25.148478 - Found $$$CUSTM.txt (text/plain) in SBGOLOB.CBT505.FILE182, moved to FILE182/$$$CUSTM
2023-04-02 22:26:25.149552 - Found $$$CUT.txt (text/plain) in SBGOLOB.CBT505.FILE182, moved to FILE182/$$$CUT
2023-04-02 22:26:25.150671 - Found $$$DOC.txt (text/plain) in SBGOLOB.CBT505.FILE182, moved to FILE182/$$$DOC
2023-04-02 22:26:25.151699 - Found $$$EAV.txt (text/plain) in SBGOLOB.CBT505.FILE182, moved to FILE182/$$$EAV
2023-04-02 22:26:25.152776 - Found $$$EAVLV.txt (text/plain) in SBGOLOB.CBT505.FILE182, moved to FILE182/$$$EAVLV
2023-04-02 22:26:25.153879 - Found $$$EQUAL.txt (text/plain) in SBGOLOB.CBT505.FILE182, moved to FILE182/$$$EQUAL
2023-04-02 22:26:25.154948 - Found $$$FAMS.txt (text/plain) in SBGOLOB.CBT505.FILE182, moved to FILE182/$$$FAMS
2023-04-02 22:26:25.156037 - Found $$$FAQ.txt (text/plain) in SBGOLOB.CBT505.FILE182, moved to FILE182/$$$FAQ
2023-04-02 22:26:25.156993 - Found $$$HERC.txt (text/plain) in SBGOLOB.CBT505.FILE182, moved to FILE182/$$$HERC
2023-04-02 22:26:25.158048 - Found $$$INST.txt (text/plain) in SBGOLOB.CBT505.FILE182, moved to FILE182/$$$INST
2023-04-02 22:26:25.159081 - Found $$$INSTX.diff (text/x-diff) in SBGOLOB.CBT505.FILE182, moved to FILE182/$$$INSTX
2023-04-02 22:26:25.160186 - Found $$$ISDA.txt (text/plain) in SBGOLOB.CBT505.FILE182, moved to FILE182/$$$ISDA
2023-04-02 22:26:25.161247 - Found $$$ISODT.txt (text/plain) in SBGOLOB.CBT505.FILE182, moved to FILE182/$$$ISODT
2023-04-02 22:26:25.162262 - Found $$$LMA.txt (text/plain) in SBGOLOB.CBT505.FILE182, moved to FILE182/$$$LMA
2023-04-02 22:26:25.163352 - Found $$$MATCH.txt (text/plain) in SBGOLOB.CBT505.FILE182, moved to FILE182/$$$MATCH
2023-04-02 22:26:25.164335 - Found $$$MODS.txt (text/plain) in SBGOLOB.CBT505.FILE182, moved to FILE182/$$$MODS
2023-04-02 22:26:25.165407 - Found $$$PARTX.txt (text/plain) in SBGOLOB.CBT505.FILE182, moved to FILE182/$$$PARTX
2023-04-02 22:26:25.166452 - Found $$$PDSE.txt (text/plain) in SBGOLOB.CBT505.FILE182, moved to FILE182/$$$PDSE
2023-04-02 22:26:25.167702 - Found $$$PROSE.txt (text/plain) in SBGOLOB.CBT505.FILE182, moved to FILE182/$$$PROSE
2023-04-02 22:26:25.168805 - Found $$$PROS2.txt (text/plain) in SBGOLOB.CBT505.FILE182, moved to FILE182/$$$PROS2
2023-04-02 22:26:25.169723 - Found $$$QWIK.txt (text/plain) in SBGOLOB.CBT505.FILE182, moved to FILE182/$$$QWIK
2023-04-02 22:26:25.170760 - Found $$$RCQDT.txt (text/plain) in SBGOLOB.CBT505.FILE182, moved to FILE182/$$$RCQDT
2023-04-02 22:26:25.171809 - Found $$$RJUST.txt (text/plain) in SBGOLOB.CBT505.FILE182, moved to FILE182/$$$RJUST
2023-04-02 22:26:25.172881 - Found $$$SECUR.txt (text/plain) in SBGOLOB.CBT505.FILE182, moved to FILE182/$$$SECUR
2023-04-02 22:26:25.173787 - Found $$$TRAP.txt (text/plain) in SBGOLOB.CBT505.FILE182, moved to FILE182/$$$TRAP
2023-04-02 22:26:25.174673 - Found $$$UCB.txt (text/plain) in SBGOLOB.CBT505.FILE182, moved to FILE182/$$$UCB
2023-04-02 22:26:25.175887 - Found $$$UNDOC.txt (text/plain) in SBGOLOB.CBT505.FILE182, moved to FILE182/$$$UNDOC
2023-04-02 22:26:25.176863 - Found $$$VSAM.txt (text/plain) in SBGOLOB.CBT505.FILE182, moved to FILE182/$$$VSAM
2023-04-02 22:26:25.177766 - Found $$$XSTAT.txt (text/plain) in SBGOLOB.CBT505.FILE182, moved to FILE182/$$$XSTAT
2023-04-02 22:26:25.178636 - Found $$$Y2K.txt (text/plain) in SBGOLOB.CBT505.FILE182, moved to FILE182/$$$Y2K
2023-04-02 22:26:25.179758 - Found $$CMDADD.txt (text/plain) in SBGOLOB.CBT505.FILE182, moved to FILE182/$$CMDADD
2023-04-02 22:26:25.180903 - Found $$CMDXDC.txt (text/plain) in SBGOLOB.CBT505.FILE182, moved to FILE182/$$CMDXDC
2023-04-02 22:26:25.181991 - Found $$CPKMAP.txt (text/plain) in SBGOLOB.CBT505.FILE182, moved to FILE182/$$CPKMAP
2023-04-02 22:26:25.182992 - Found $$DELINK.txt (text/plain) in SBGOLOB.CBT505.FILE182, moved to FILE182/$$DELINK
2023-04-02 22:26:25.183847 - Found $$DISASM.txt (text/plain) in SBGOLOB.CBT505.FILE182, moved to FILE182/$$DISASM
2023-04-02 22:26:25.184691 - Found $$DOCNEW.txt (text/plain) in SBGOLOB.CBT505.FILE182, moved to FILE182/$$DOCNEW
2023-04-02 22:26:25.185517 - Found $$DRK.txt (text/plain) in SBGOLOB.CBT505.FILE182, moved to FILE182/$$DRK
2023-04-02 22:26:25.186342 - Found $$DSLIST.txt (text/plain) in SBGOLOB.CBT505.FILE182, moved to FILE182/$$DSLIST
2023-04-02 22:26:25.187596 - Found $$GP.txt (text/plain) in SBGOLOB.CBT505.FILE182, moved to FILE182/$$GP
2023-04-02 22:26:25.188684 - Found $$MBRGEN.txt (text/plain) in SBGOLOB.CBT505.FILE182, moved to FILE182/$$MBRGEN
2023-04-02 22:26:25.189813 - Found $$MXIBAT.txt (text/plain) in SBGOLOB.CBT505.FILE182, moved to FILE182/$$MXIBAT
2023-04-02 22:26:25.189825 - Found $$PACKED.bin containing application/octet-stream, moved to FILE182/$$PACKED
2023-04-02 22:26:25.191940 - Found $$PDSABC.txt (text/plain) in SBGOLOB.CBT505.FILE182, moved to FILE182/$$PDSABC
2023-04-02 22:26:25.193052 - Found $$PDSMAN.txt (text/plain) in SBGOLOB.CBT505.FILE182, moved to FILE182/$$PDSMAN
2023-04-02 22:26:25.194057 - Found $$PDSNEW.txt (text/plain) in SBGOLOB.CBT505.FILE182, moved to FILE182/$$PDSNEW
2023-04-02 22:26:25.195045 - Found $$PDSPPT.txt (text/plain) in SBGOLOB.CBT505.FILE182, moved to FILE182/$$PDSPPT
2023-04-02 22:26:25.196161 - Found $$PGLITE.txt (text/plain) in SBGOLOB.CBT505.FILE182, moved to FILE182/$$PGLITE
2023-04-02 22:26:25.197144 - Found $$QUOTES.txt (text/plain) in SBGOLOB.CBT505.FILE182, moved to FILE182/$$QUOTES
2023-04-02 22:26:25.198163 - Found $$SHARE.txt (text/plain) in SBGOLOB.CBT505.FILE182, moved to FILE182/$$SHARE
2023-04-02 22:26:25.199156 - Found $$SHARE1.txt (text/plain) in SBGOLOB.CBT505.FILE182, moved to FILE182/$$SHARE1
2023-04-02 22:26:25.200408 - Found $$STRUCT.txt (text/plain) in SBGOLOB.CBT505.FILE182, moved to FILE182/$$STRUCT
2023-04-02 22:26:25.201517 - Found $$S2214.txt (text/plain) in SBGOLOB.CBT505.FILE182, moved to FILE182/$$S2214
2023-04-02 22:26:25.202535 - Found $$S2837.txt (text/plain) in SBGOLOB.CBT505.FILE182, moved to FILE182/$$S2837
2023-04-02 22:26:25.203578 - Found $$USAGE.txt (text/plain) in SBGOLOB.CBT505.FILE182, moved to FILE182/$$USAGE
2023-04-02 22:26:25.205423 - Found $$ZNEXTG.eml (message/rfc822), moved to CBT182/$$ZNEXTG.eml
2023-04-02 22:26:25.206400 - Found $$ZOS108.txt (text/plain) in SBGOLOB.CBT505.FILE182, moved to FILE182/$$ZOS108
2023-04-02 22:26:25.207437 - Found $$ZOS109.txt (text/plain) in SBGOLOB.CBT505.FILE182, moved to FILE182/$$ZOS109
2023-04-02 22:26:25.208367 - Found $$ZOS111.txt (text/plain) in SBGOLOB.CBT505.FILE182, moved to FILE182/$$ZOS111
2023-04-02 22:26:25.209240 - Found $$ZOS113.txt (text/plain) in SBGOLOB.CBT505.FILE182, moved to FILE182/$$ZOS113
2023-04-02 22:26:25.210089 - Found $$ZOS18.txt (text/plain) in SBGOLOB.CBT505.FILE182, moved to FILE182/$$ZOS18
2023-04-02 22:26:25.211006 - Found $$ZOS19.txt (text/plain) in SBGOLOB.CBT505.FILE182, moved to FILE182/$$ZOS19
2023-04-02 22:26:25.212169 - Found $$ZOS201.txt (text/plain) in SBGOLOB.CBT505.FILE182, moved to FILE182/$$ZOS201
2023-04-02 22:26:25.213319 - Found $$ZOS202.txt (text/plain) in SBGOLOB.CBT505.FILE182, moved to FILE182/$$ZOS202
2023-04-02 22:26:25.214430 - Found $$ZOS203.txt (text/plain) in SBGOLOB.CBT505.FILE182, moved to FILE182/$$ZOS203
2023-04-02 22:26:25.215522 - Found $$ZOS204.txt (text/plain) in SBGOLOB.CBT505.FILE182, moved to FILE182/$$ZOS204
2023-04-02 22:26:25.216672 - Found $$ZOS205.txt (text/plain) in SBGOLOB.CBT505.FILE182, moved to FILE182/$$ZOS205
2023-04-02 22:26:25.217794 - Found $$ZXPO08.txt (text/plain) in SBGOLOB.CBT505.FILE182, moved to FILE182/$$ZXPO08
2023-04-02 22:26:25.219081 - Found $COMPARC.txt (text/plain) in SBGOLOB.CBT505.FILE182, moved to FILE182/$COMPARC
2023-04-02 22:26:25.220143 - Found $CONDEND.txt (text/plain) in SBGOLOB.CBT505.FILE182, moved to FILE182/$CONDEND
2023-04-02 22:26:25.221508 - Found $COPYMOD.txt (text/plain) in SBGOLOB.CBT505.FILE182, moved to FILE182/$COPYMOD
2023-04-02 22:26:25.222724 - Found $DEAV.txt (text/plain) in SBGOLOB.CBT505.FILE182, moved to FILE182/$DEAV
2023-04-02 22:26:25.223877 - Found $DIRFTB1.txt (text/plain) in SBGOLOB.CBT505.FILE182, moved to FILE182/$DIRFTB1
2023-04-02 22:26:25.224829 - Found $DISKMAP.txt (text/plain) in SBGOLOB.CBT505.FILE182, moved to FILE182/$DISKMAP
2023-04-02 22:26:25.225716 - Found $FIFTYRS.txt (text/plain) in SBGOLOB.CBT505.FILE182, moved to FILE182/$FIFTYRS
2023-04-02 22:26:25.226585 - Found $FORTYRS.txt (text/plain) in SBGOLOB.CBT505.FILE182, moved to FILE182/$FORTYRS
2023-04-02 22:26:25.227634 - Found $IBMMAIN.txt (text/plain) in SBGOLOB.CBT505.FILE182, moved to FILE182/$IBMMAIN
2023-04-02 22:26:25.228816 - Found $LOGWIDE.txt (text/plain) in SBGOLOB.CBT505.FILE182, moved to FILE182/$LOGWIDE
2023-04-02 22:26:25.229744 - Found $MAINRTN.txt (text/plain) in SBGOLOB.CBT505.FILE182, moved to FILE182/$MAINRTN
2023-04-02 22:26:25.230622 - Found $OA60639.txt (text/plain) in SBGOLOB.CBT505.FILE182, moved to FILE182/$OA60639
2023-04-02 22:26:25.231846 - Found $OY07766.txt (text/plain) in SBGOLOB.CBT505.FILE182, moved to FILE182/$OY07766
2023-04-02 22:26:25.232845 - Found $PDSARTH.txt (text/plain) in SBGOLOB.CBT505.FILE182, moved to FILE182/$PDSARTH
2023-04-02 22:26:25.233743 - Found $PDSART0.txt (text/plain) in SBGOLOB.CBT505.FILE182, moved to FILE182/$PDSART0
2023-04-02 22:26:25.234677 - Found $PDSART1.txt (text/plain) in SBGOLOB.CBT505.FILE182, moved to FILE182/$PDSART1
2023-04-02 22:26:25.235619 - Found $PDSART2.txt (text/plain) in SBGOLOB.CBT505.FILE182, moved to FILE182/$PDSART2
2023-04-02 22:26:25.236513 - Found $PDSART3.txt (text/plain) in SBGOLOB.CBT505.FILE182, moved to FILE182/$PDSART3
2023-04-02 22:26:25.237403 - Found $PDSEDIT.txt (text/plain) in SBGOLOB.CBT505.FILE182, moved to FILE182/$PDSEDIT
2023-04-02 22:26:25.238309 - Found $PDSPAIN.txt (text/plain) in SBGOLOB.CBT505.FILE182, moved to FILE182/$PDSPAIN
2023-04-02 22:26:25.238321 - Found $PTSEXP.bin containing application/octet-stream, moved to FILE182/$PTSEXP
2023-04-02 22:26:25.240290 - Found $SRCHFOR.txt (text/plain) in SBGOLOB.CBT505.FILE182, moved to FILE182/$SRCHFOR
2023-04-02 22:26:25.241216 - Found $S378ABE.txt (text/plain) in SBGOLOB.CBT505.FILE182, moved to FILE182/$S378ABE
2023-04-02 22:26:25.242084 - Found $TSO8ASM.txt (text/plain) in SBGOLOB.CBT505.FILE182, moved to FILE182/$TSO8ASM
2023-04-02 22:26:25.243018 - Found $TSO8BAT.txt (text/plain) in SBGOLOB.CBT505.FILE182, moved to FILE182/$TSO8BAT
2023-04-02 22:26:25.244162 - Found $TSO8DOC.txt (text/plain) in SBGOLOB.CBT505.FILE182, moved to FILE182/$TSO8DOC
2023-04-02 22:26:25.245104 - Found $TSO8TST.txt (text/plain) in SBGOLOB.CBT505.FILE182, moved to FILE182/$TSO8TST
2023-04-02 22:26:25.245997 - Found $VTOCEAV.txt (text/plain) in SBGOLOB.CBT505.FILE182, moved to FILE182/$VTOCEAV
2023-04-02 22:26:25.246956 - Found $WORKBH.txt (text/plain) in SBGOLOB.CBT505.FILE182, moved to FILE182/$WORKBH
2023-04-02 22:26:25.248068 - Found $XMIBUFF.txt (text/plain) in SBGOLOB.CBT505.FILE182, moved to FILE182/$XMIBUFF
2023-04-02 22:26:25.249155 - Found #LSPACE.txt (text/plain) in SBGOLOB.CBT505.FILE182, moved to FILE182/#LSPACE
2023-04-02 22:26:25.250190 - Found #MDSECT.txt (text/plain) in SBGOLOB.CBT505.FILE182, moved to FILE182/#MDSECT
2023-04-02 22:26:25.251217 - Found #PDSGEN.txt (text/plain) in SBGOLOB.CBT505.FILE182, moved to FILE182/#PDSGEN
2023-04-02 22:26:25.252261 - Found #PDSGENB.txt (text/plain) in SBGOLOB.CBT505.FILE182, moved to FILE182/#PDSGENB
2023-04-02 22:26:25.253434 - Found #PDSGENH.txt (text/plain) in SBGOLOB.CBT505.FILE182, moved to FILE182/#PDSGENH
2023-04-02 22:26:25.254502 - Found #PDSGENI.txt (text/plain) in SBGOLOB.CBT505.FILE182, moved to FILE182/#PDSGENI
2023-04-02 22:26:25.255632 - Found #PDSGENU.txt (text/plain) in SBGOLOB.CBT505.FILE182, moved to FILE182/#PDSGENU
2023-04-02 22:26:25.256609 - Found #PDSGENW.txt (text/plain) in SBGOLOB.CBT505.FILE182, moved to FILE182/#PDSGENW
2023-04-02 22:26:25.257717 - Found #PDSGENZ.txt (text/plain) in SBGOLOB.CBT505.FILE182, moved to FILE182/#PDSGENZ
2023-04-02 22:26:25.258967 - Found #PDSMODS.txt (text/plain) in SBGOLOB.CBT505.FILE182, moved to FILE182/#PDSMODS
2023-04-02 22:26:25.260066 - Found #PDSTBL.txt (text/plain) in SBGOLOB.CBT505.FILE182, moved to FILE182/#PDSTBL
2023-04-02 22:26:25.261124 - Found #SPWRKA.txt (text/plain) in SBGOLOB.CBT505.FILE182, moved to FILE182/#SPWRKA
2023-04-02 22:26:25.262147 - Found @ALIAS.txt (text/plain) in SBGOLOB.CBT505.FILE182, moved to FILE182/@ALIAS
2023-04-02 22:26:25.263239 - Found @AMBLIST.txt (text/plain) in SBGOLOB.CBT505.FILE182, moved to FILE182/@AMBLIST
2023-04-02 22:26:25.264673 - Found @ATTRIB.txt (text/plain) in SBGOLOB.CBT505.FILE182, moved to FILE182/@ATTRIB
2023-04-02 22:26:25.265679 - Found @BROWSE.txt (text/plain) in SBGOLOB.CBT505.FILE182, moved to FILE182/@BROWSE
2023-04-02 22:26:25.266751 - Found @CHANGE.txt (text/plain) in SBGOLOB.CBT505.FILE182, moved to FILE182/@CHANGE
2023-04-02 22:26:25.267803 - Found @CLEAR.txt (text/plain) in SBGOLOB.CBT505.FILE182, moved to FILE182/@CLEAR
2023-04-02 22:26:25.268743 - Found @COBANAL.txt (text/plain) in SBGOLOB.CBT505.FILE182, moved to FILE182/@COBANAL
2023-04-02 22:26:25.269614 - Found @COMPARE.txt (text/plain) in SBGOLOB.CBT505.FILE182, moved to FILE182/@COMPARE
2023-04-02 22:26:25.270494 - Found @COMPRES.txt (text/plain) in SBGOLOB.CBT505.FILE182, moved to FILE182/@COMPRES
2023-04-02 22:26:25.271469 - Found @CONTROL.txt (text/plain) in SBGOLOB.CBT505.FILE182, moved to FILE182/@CONTROL
2023-04-02 22:26:25.272406 - Found @COPY.txt (text/plain) in SBGOLOB.CBT505.FILE182, moved to FILE182/@COPY
2023-04-02 22:26:25.273256 - Found @CPKMAP.txt (text/plain) in SBGOLOB.CBT505.FILE182, moved to FILE182/@CPKMAP
2023-04-02 22:26:25.274114 - Found @DELETE.txt (text/plain) in SBGOLOB.CBT505.FILE182, moved to FILE182/@DELETE
2023-04-02 22:26:25.274985 - Found @DELINK.txt (text/plain) in SBGOLOB.CBT505.FILE182, moved to FILE182/@DELINK
2023-04-02 22:26:25.275907 - Found @DIACAX.txt (text/plain) in SBGOLOB.CBT505.FILE182, moved to FILE182/@DIACAX
2023-04-02 22:26:25.276781 - Found @DIACLN.txt (text/plain) in SBGOLOB.CBT505.FILE182, moved to FILE182/@DIACLN
2023-04-02 22:26:25.277769 - Found @DIAFIND.txt (text/plain) in SBGOLOB.CBT505.FILE182, moved to FILE182/@DIAFIND
2023-04-02 22:26:25.278807 - Found @DIAFUN.txt (text/plain) in SBGOLOB.CBT505.FILE182, moved to FILE182/@DIAFUN
2023-04-02 22:26:25.280325 - Found @DIAINIT.txt (text/plain) in SBGOLOB.CBT505.FILE182, moved to FILE182/@DIAINIT
2023-04-02 22:26:25.281377 - Found @DIALALV.txt (text/plain) in SBGOLOB.CBT505.FILE182, moved to FILE182/@DIALALV
2023-04-02 22:26:25.282435 - Found @DIALINE.txt (text/plain) in SBGOLOB.CBT505.FILE182, moved to FILE182/@DIALINE
2023-04-02 22:26:25.283599 - Found @DIALINZ.txt (text/plain) in SBGOLOB.CBT505.FILE182, moved to FILE182/@DIALINZ
2023-04-02 22:26:25.284665 - Found @DIALOG.txt (text/plain) in SBGOLOB.CBT505.FILE182, moved to FILE182/@DIALOG
2023-04-02 22:26:25.285598 - Found @DIALSTC.txt (text/plain) in SBGOLOB.CBT505.FILE182, moved to FILE182/@DIALSTC
2023-04-02 22:26:25.286545 - Found @DIAMEML.txt (text/plain) in SBGOLOB.CBT505.FILE182, moved to FILE182/@DIAMEML
2023-04-02 22:26:25.287618 - Found @DIAORG.txt (text/plain) in SBGOLOB.CBT505.FILE182, moved to FILE182/@DIAORG
2023-04-02 22:26:25.288620 - Found @DIAOUT.txt (text/plain) in SBGOLOB.CBT505.FILE182, moved to FILE182/@DIAOUT
2023-04-02 22:26:25.289544 - Found @DIAPANL.txt (text/plain) in SBGOLOB.CBT505.FILE182, moved to FILE182/@DIAPANL
2023-04-02 22:26:25.290489 - Found @DIAPART.txt (text/plain) in SBGOLOB.CBT505.FILE182, moved to FILE182/@DIAPART
2023-04-02 22:26:25.291437 - Found @DIASEL.txt (text/plain) in SBGOLOB.CBT505.FILE182, moved to FILE182/@DIASEL
2023-04-02 22:26:25.292350 - Found @DIASTAK.txt (text/plain) in SBGOLOB.CBT505.FILE182, moved to FILE182/@DIASTAK
2023-04-02 22:26:25.293240 - Found @DIATBL.txt (text/plain) in SBGOLOB.CBT505.FILE182, moved to FILE182/@DIATBL
2023-04-02 22:26:25.294092 - Found @DIATCT.txt (text/plain) in SBGOLOB.CBT505.FILE182, moved to FILE182/@DIATCT
2023-04-02 22:26:25.295068 - Found @DIAWRK.txt (text/plain) in SBGOLOB.CBT505.FILE182, moved to FILE182/@DIAWRK
2023-04-02 22:26:25.296563 - Found @DISASM.txt (text/plain) in SBGOLOB.CBT505.FILE182, moved to FILE182/@DISASM
2023-04-02 22:26:25.297579 - Found @DISPLAY.txt (text/plain) in SBGOLOB.CBT505.FILE182, moved to FILE182/@DISPLAY
2023-04-02 22:26:25.298770 - Found @DSINFO2.txt (text/plain) in SBGOLOB.CBT505.FILE182, moved to FILE182/@DSINFO2
2023-04-02 22:26:25.299870 - Found @DSNAME.txt (text/plain) in SBGOLOB.CBT505.FILE182, moved to FILE182/@DSNAME
2023-04-02 22:26:25.300798 - Found @EXEC.txt (text/plain) in SBGOLOB.CBT505.FILE182, moved to FILE182/@EXEC
2023-04-02 22:26:25.301708 - Found @FAMS.txt (text/plain) in SBGOLOB.CBT505.FILE182, moved to FILE182/@FAMS
2023-04-02 22:26:25.302622 - Found @FILE182.txt (text/plain) in SBGOLOB.CBT505.FILE182, moved to FILE182/@FILE182
2023-04-02 22:26:25.303842 - Found @FIXPDS.txt (text/plain) in SBGOLOB.CBT505.FILE182, moved to FILE182/@FIXPDS
2023-04-02 22:26:25.305121 - Found @GEO.txt (text/plain) in SBGOLOB.CBT505.FILE182, moved to FILE182/@GEO
2023-04-02 22:26:25.306077 - Found @GLOBAL.txt (text/plain) in SBGOLOB.CBT505.FILE182, moved to FILE182/@GLOBAL
2023-04-02 22:26:25.307011 - Found @HELP.txt (text/plain) in SBGOLOB.CBT505.FILE182, moved to FILE182/@HELP
2023-04-02 22:26:25.308158 - Found @HISTORY.txt (text/plain) in SBGOLOB.CBT505.FILE182, moved to FILE182/@HISTORY
2023-04-02 22:26:25.309086 - Found @IF.txt (text/plain) in SBGOLOB.CBT505.FILE182, moved to FILE182/@IF
2023-04-02 22:26:25.309966 - Found @IGW700I.txt (text/plain) in SBGOLOB.CBT505.FILE182, moved to FILE182/@IGW700I
2023-04-02 22:26:25.310860 - Found @IGW700X.txt (text/plain) in SBGOLOB.CBT505.FILE182, moved to FILE182/@IGW700X
2023-04-02 22:26:25.311740 - Found @LCS.txt (text/plain) in SBGOLOB.CBT505.FILE182, moved to FILE182/@LCS
2023-04-02 22:26:25.312682 - Found @LIST.txt (text/plain) in SBGOLOB.CBT505.FILE182, moved to FILE182/@LIST
2023-04-02 22:26:25.313540 - Found @LMA.txt (text/plain) in SBGOLOB.CBT505.FILE182, moved to FILE182/@LMA
2023-04-02 22:26:25.314399 - Found @LMAPFX.txt (text/plain) in SBGOLOB.CBT505.FILE182, moved to FILE182/@LMAPFX
2023-04-02 22:26:25.315487 - Found @LMAPGM.txt (text/plain) in SBGOLOB.CBT505.FILE182, moved to FILE182/@LMAPGM
2023-04-02 22:26:25.316436 - Found @MAP.txt (text/plain) in SBGOLOB.CBT505.FILE182, moved to FILE182/@MAP
2023-04-02 22:26:25.317337 - Found @MATCH.txt (text/plain) in SBGOLOB.CBT505.FILE182, moved to FILE182/@MATCH
2023-04-02 22:26:25.318519 - Found @MXIBAT.txt (text/plain) in SBGOLOB.CBT505.FILE182, moved to FILE182/@MXIBAT
2023-04-02 22:26:25.319667 - Found @OFFLOAD.txt (text/plain) in SBGOLOB.CBT505.FILE182, moved to FILE182/@OFFLOAD
2023-04-02 22:26:25.320637 - Found @OUTCOPY.txt (text/plain) in SBGOLOB.CBT505.FILE182, moved to FILE182/@OUTCOPY
2023-04-02 22:26:25.322117 - Found @PARSE.txt (text/plain) in SBGOLOB.CBT505.FILE182, moved to FILE182/@PARSE
2023-04-02 22:26:25.323098 - Found @PDSE.txt (text/plain) in SBGOLOB.CBT505.FILE182, moved to FILE182/@PDSE
2023-04-02 22:26:25.324148 - Found @PDSMAIN.txt (text/plain) in SBGOLOB.CBT505.FILE182, moved to FILE182/@PDSMAIN
2023-04-02 22:26:25.325110 - Found @PDSMODS.txt (text/plain) in SBGOLOB.CBT505.FILE182, moved to FILE182/@PDSMODS
2023-04-02 22:26:25.325973 - Found @PRINTO.txt (text/plain) in SBGOLOB.CBT505.FILE182, moved to FILE182/@PRINTO
2023-04-02 22:26:25.326913 - Found @PSILSTC.txt (text/plain) in SBGOLOB.CBT505.FILE182, moved to FILE182/@PSILSTC
2023-04-02 22:26:25.327821 - Found @PTSEXP.txt (text/plain) in SBGOLOB.CBT505.FILE182, moved to FILE182/@PTSEXP
2023-04-02 22:26:25.328694 - Found @RENAME.txt (text/plain) in SBGOLOB.CBT505.FILE182, moved to FILE182/@RENAME
2023-04-02 22:26:25.329553 - Found @REPRO.txt (text/plain) in SBGOLOB.CBT505.FILE182, moved to FILE182/@REPRO
2023-04-02 22:26:25.330431 - Found @RESTORE.txt (text/plain) in SBGOLOB.CBT505.FILE182, moved to FILE182/@RESTORE
2023-04-02 22:26:25.331345 - Found @RX.txt (text/plain) in SBGOLOB.CBT505.FILE182, moved to FILE182/@RX
2023-04-02 22:26:25.332208 - Found @SAMLIST.txt (text/plain) in SBGOLOB.CBT505.FILE182, moved to FILE182/@SAMLIST
2023-04-02 22:26:25.333062 - Found @SEPARAT.txt (text/plain) in SBGOLOB.CBT505.FILE182, moved to FILE182/@SEPARAT
2023-04-02 22:26:25.333963 - Found @SMPGEN.txt (text/plain) in SBGOLOB.CBT505.FILE182, moved to FILE182/@SMPGEN
2023-04-02 22:26:25.334830 - Found @SMS.txt (text/plain) in SBGOLOB.CBT505.FILE182, moved to FILE182/@SMS
2023-04-02 22:26:25.336580 - Found @SRCHFOR.txt (text/plain) in SBGOLOB.CBT505.FILE182, moved to FILE182/@SRCHFOR
2023-04-02 22:26:25.337597 - Found @SUBLIST.txt (text/plain) in SBGOLOB.CBT505.FILE182, moved to FILE182/@SUBLIST
2023-04-02 22:26:25.338681 - Found @SUBS.txt (text/plain) in SBGOLOB.CBT505.FILE182, moved to FILE182/@SUBS
2023-04-02 22:26:25.339714 - Found @TIME.txt (text/plain) in SBGOLOB.CBT505.FILE182, moved to FILE182/@TIME
2023-04-02 22:26:25.340752 - Found @TRANS.txt (text/plain) in SBGOLOB.CBT505.FILE182, moved to FILE182/@TRANS
2023-04-02 22:26:25.341846 - Found @TSO.txt (text/plain) in SBGOLOB.CBT505.FILE182, moved to FILE182/@TSO
2023-04-02 22:26:25.342876 - Found @TSOEDIT.txt (text/plain) in SBGOLOB.CBT505.FILE182, moved to FILE182/@TSOEDIT
2023-04-02 22:26:25.344279 - Found @USAGE.txt (text/plain) in SBGOLOB.CBT505.FILE182, moved to FILE182/@USAGE
2023-04-02 22:26:25.345231 - Found @VERIFY.txt (text/plain) in SBGOLOB.CBT505.FILE182, moved to FILE182/@VERIFY
2023-04-02 22:26:25.346089 - Found @VPDSE.txt (text/plain) in SBGOLOB.CBT505.FILE182, moved to FILE182/@VPDSE
2023-04-02 22:26:25.347002 - Found @XMIT.txt (text/plain) in SBGOLOB.CBT505.FILE182, moved to FILE182/@XMIT
2023-04-02 22:26:25.348271 - Found ABEHELP.txt (text/plain) in SBGOLOB.CBT505.FILE182, moved to FILE182/ABEHELP
2023-04-02 22:26:25.349183 - Found ACFC.txt (text/plain) in SBGOLOB.CBT505.FILE182, moved to FILE182/ACFC
2023-04-02 22:26:25.350038 - Found CABAL.txt (text/plain) in SBGOLOB.CBT505.FILE182, moved to FILE182/CABAL
2023-04-02 22:26:25.351422 - Found CBTFTP.txt (text/plain) in SBGOLOB.CBT505.FILE182, moved to FILE182/CBTFTP
2023-04-02 22:26:25.352556 - Found CBTJCL.jcl (text/plain) in SBGOLOB.CBT505.FILE182, moved to FILE182/CBTJCL
2023-04-02 22:26:25.353518 - Found COMPZAP.txt (text/plain) in SBGOLOB.CBT505.FILE182, moved to FILE182/COMPZAP
2023-04-02 22:26:25.365682 - Found COMXMIT.xmi (application/xmit) in SBGOLOB.CBT505.FILE182
2023-04-02 22:26:25.377226   - Received RECFM=U data, stored XMIT file as CBT182/COMXMIT.xmi
2023-04-02 22:26:25.378201 - Found COM2XMIT.txt (text/plain) in SBGOLOB.CBT505.FILE182, moved to FILE182/COM2XMIT
2023-04-02 22:26:25.379160 - Found COPYIMAG.txt (text/plain) in SBGOLOB.CBT505.FILE182, moved to FILE182/COPYIMAG
2023-04-02 22:26:25.380455 - Found CSECTS.rexx (text/plain) in SBGOLOB.CBT505.FILE182, moved to FILE182/CSECTS
2023-04-02 22:26:25.381532 - Found CUT.txt (text/plain) in SBGOLOB.CBT505.FILE182, moved to FILE182/CUT
2023-04-02 22:26:25.382588 - Found CUTDEF.txt (text/plain) in SBGOLOB.CBT505.FILE182, moved to FILE182/CUTDEF
2023-04-02 22:26:25.383604 - Found CUTDEF@.txt (text/plain) in SBGOLOB.CBT505.FILE182, moved to FILE182/CUTDEF@
2023-04-02 22:26:25.384529 - Found CUTHELP@.txt (text/plain) in SBGOLOB.CBT505.FILE182, moved to FILE182/CUTHELP@
2023-04-02 22:26:25.385459 - Found CUTHELP1.txt (text/plain) in SBGOLOB.CBT505.FILE182, moved to FILE182/CUTHELP1
2023-04-02 22:26:25.386333 - Found CUTHELP2.txt (text/plain) in SBGOLOB.CBT505.FILE182, moved to FILE182/CUTHELP2
2023-04-02 22:26:25.387258 - Found CUTHELP3.txt (text/plain) in SBGOLOB.CBT505.FILE182, moved to FILE182/CUTHELP3
2023-04-02 22:26:25.388546 - Found CUTHELP4.txt (text/plain) in SBGOLOB.CBT505.FILE182, moved to FILE182/CUTHELP4
2023-04-02 22:26:25.389720 - Found CUTHELP5.txt (text/plain) in SBGOLOB.CBT505.FILE182, moved to FILE182/CUTHELP5
2023-04-02 22:26:25.390763 - Found CUTPROM.txt (text/plain) in SBGOLOB.CBT505.FILE182, moved to FILE182/CUTPROM
2023-04-02 22:26:25.391704 - Found CUTPROM@.txt (text/plain) in SBGOLOB.CBT505.FILE182, moved to FILE182/CUTPROM@
2023-04-02 22:26:25.392606 - Found DEAVASM.txt (text/plain) in SBGOLOB.CBT505.FILE182, moved to FILE182/DEAVASM
2023-04-02 22:26:25.393925 - Found DEAVHELP.txt (text/plain) in SBGOLOB.CBT505.FILE182, moved to FILE182/DEAVHELP
2023-04-02 22:26:25.395031 - Found DISPCMDS.txt (text/plain) in SBGOLOB.CBT505.FILE182, moved to FILE182/DISPCMDS
2023-04-02 22:26:25.395912 - Found DOALL.rexx (text/plain) in SBGOLOB.CBT505.FILE182, moved to FILE182/DOALL
2023-04-02 22:26:25.397559 - De-xmi-ed DOCPGLQR to CBT182/docs/DOCPGLQR.docx
2023-04-02 22:26:25.398558 - Found DSK3390.rexx (text/plain) in SBGOLOB.CBT505.FILE182, moved to FILE182/DSK3390
2023-04-02 22:26:25.399492 - Found EDITLOG.rexx (text/plain) in SBGOLOB.CBT505.FILE182, moved to FILE182/EDITLOG
2023-04-02 22:26:25.407428 - Found EDITXMIT.xmi (application/xmit) in SBGOLOB.CBT505.FILE182
2023-04-02 22:26:25.413851   - Received RECFM=U data, stored XMIT file as CBT182/EDITXMIT.xmi
2023-04-02 22:26:25.414829 - Found EDSL.rexx (text/plain) in SBGOLOB.CBT505.FILE182, moved to FILE182/EDSL
2023-04-02 22:26:25.415747 - Found EFIND.rexx (text/plain) in SBGOLOB.CBT505.FILE182, moved to FILE182/EFIND
2023-04-02 22:26:25.416814 - Found EFSKEL.txt (text/plain) in SBGOLOB.CBT505.FILE182, moved to FILE182/EFSKEL
2023-04-02 22:26:25.417877 - Found EQUAL.txt (text/plain) in SBGOLOB.CBT505.FILE182, moved to FILE182/EQUAL
2023-04-02 22:26:25.418954 - Found ESDFLAGS.txt (text/plain) in SBGOLOB.CBT505.FILE182, moved to FILE182/ESDFLAGS
2023-04-02 22:26:25.419926 - Found FAMSATTR.rexx (text/plain) in SBGOLOB.CBT505.FILE182, moved to FILE182/FAMSATTR
2023-04-02 22:26:25.426392 - Found FAMSXMIT.xmi (application/xmit) in SBGOLOB.CBT505.FILE182
2023-04-02 22:26:25.433461   - Received RECFM=U data, stored XMIT file as CBT182/FAMSXMIT.xmi
2023-04-02 22:26:25.434321 - Found FMVLM.rexx (text/plain) in SBGOLOB.CBT505.FILE182, moved to FILE182/FMVLM
2023-04-02 22:26:25.435187 - Found FX.rexx (text/plain) in SBGOLOB.CBT505.FILE182, moved to FILE182/FX
2023-04-02 22:26:25.436120 - Found FX#.txt (text/plain) in SBGOLOB.CBT505.FILE182, moved to FILE182/FX#
2023-04-02 22:26:25.436974 - Found GLOBAL.rexx (text/plain) in SBGOLOB.CBT505.FILE182, moved to FILE182/GLOBAL
2023-04-02 22:26:25.437852 - Found GOVRFLB.txt (text/plain) in SBGOLOB.CBT505.FILE182, moved to FILE182/GOVRFLB
2023-04-02 22:26:25.438758 - Found HELPLIST.txt (text/plain) in SBGOLOB.CBT505.FILE182, moved to FILE182/HELPLIST
2023-04-02 22:26:25.439631 - Found IDCAMS.txt (text/plain) in SBGOLOB.CBT505.FILE182, moved to FILE182/IDCAMS
2023-04-02 22:26:25.440489 - Found ISFBROW.rexx (text/plain) in SBGOLOB.CBT505.FILE182, moved to FILE182/ISFBROW
2023-04-02 22:26:25.441341 - Found ISPFPRIM.txt (text/plain) in SBGOLOB.CBT505.FILE182, moved to FILE182/ISPFPRIM
2023-04-02 22:26:25.442215 - Found ISPFUTIL.txt (text/plain) in SBGOLOB.CBT505.FILE182, moved to FILE182/ISPFUTIL
2023-04-02 22:26:25.443119 - Found JC.rexx (text/plain) in SBGOLOB.CBT505.FILE182, moved to FILE182/JC
2023-04-02 22:26:25.444035 - Found JC#.txt (text/plain) in SBGOLOB.CBT505.FILE182, moved to FILE182/JC#
2023-04-02 22:26:25.445187 - Found LBDPSPAN.txt (text/plain) in SBGOLOB.CBT505.FILE182, moved to FILE182/LBDPSPAN
2023-04-02 22:26:25.593160 - Found LBDPXMIT.xmi (application/xmit) in SBGOLOB.CBT505.FILE182
2023-04-02 22:26:25.612819   - Received to CBT182/XMIT182.LBDPANEL
2023-04-02 22:26:25.614031 - Found LISTFMXI.rexx (text/plain) in SBGOLOB.CBT505.FILE182, moved to FILE182/LISTFMXI
2023-04-02 22:26:25.615208 - Found M$ENTER.txt (text/plain) in SBGOLOB.CBT505.FILE182, moved to FILE182/M$ENTER
2023-04-02 22:26:25.616301 - Found M$ERRST.txt (text/plain) in SBGOLOB.CBT505.FILE182, moved to FILE182/M$ERRST
2023-04-02 22:26:25.617340 - Found M$EXIT.txt (text/plain) in SBGOLOB.CBT505.FILE182, moved to FILE182/M$EXIT
2023-04-02 22:26:25.618327 - Found M$MSG.txt (text/plain) in SBGOLOB.CBT505.FILE182, moved to FILE182/M$MSG
2023-04-02 22:26:25.619483 - Found M$PUTGT.txt (text/plain) in SBGOLOB.CBT505.FILE182, moved to FILE182/M$PUTGT
2023-04-02 22:26:25.620444 - Found M$PUTLIN.txt (text/plain) in SBGOLOB.CBT505.FILE182, moved to FILE182/M$PUTLIN
2023-04-02 22:26:25.621472 - Found M$SORT.txt (text/plain) in SBGOLOB.CBT505.FILE182, moved to FILE182/M$SORT
2023-04-02 22:26:25.622475 - Found M$TX.txt (text/plain) in SBGOLOB.CBT505.FILE182, moved to FILE182/M$TX
2023-04-02 22:26:25.623511 - Found MODMEN.txt (text/plain) in SBGOLOB.CBT505.FILE182, moved to FILE182/MODMEN
2023-04-02 22:26:25.624442 - Found MSGCLICK.txt (text/plain) in SBGOLOB.CBT505.FILE182, moved to FILE182/MSGCLICK
2023-04-02 22:26:25.625299 - Found NFOPPE.txt (text/plain) in SBGOLOB.CBT505.FILE182, moved to FILE182/NFOPPE
2023-04-02 22:26:25.626179 - Found NOTES.txt (text/plain) in SBGOLOB.CBT505.FILE182, moved to FILE182/NOTES
2023-04-02 22:26:25.627098 - Found OLDP86P.txt (text/plain) in SBGOLOB.CBT505.FILE182, moved to FILE182/OLDP86P
2023-04-02 22:26:25.627939 - Found OLDP86P2.txt (text/plain) in SBGOLOB.CBT505.FILE182, moved to FILE182/OLDP86P2
2023-04-02 22:26:25.628811 - Found OLDP86P3.txt (text/plain) in SBGOLOB.CBT505.FILE182, moved to FILE182/OLDP86P3
2023-04-02 22:26:25.629707 - Found PACK.txt (text/plain) in SBGOLOB.CBT505.FILE182, moved to FILE182/PACK
2023-04-02 22:26:25.630538 - Found PACKED.txt (text/plain) in SBGOLOB.CBT505.FILE182, moved to FILE182/PACKED
2023-04-02 22:26:25.650363 - Found PACKXMIT.xmi (application/xmit) in SBGOLOB.CBT505.FILE182
2023-04-02 22:26:25.657548   - Received to CBT182/XMIT182.PACKISPF
2023-04-02 22:26:25.658673 - Found PARSEVAR.txt (text/plain) in SBGOLOB.CBT505.FILE182, moved to FILE182/PARSEVAR
2023-04-02 22:26:25.659695 - Found PASON.txt (text/plain) in SBGOLOB.CBT505.FILE182, moved to FILE182/PASON
2023-04-02 22:26:25.660660 - Found PASQUERY.txt (text/plain) in SBGOLOB.CBT505.FILE182, moved to FILE182/PASQUERY
2023-04-02 22:26:25.661541 - Found PASTE.txt (text/plain) in SBGOLOB.CBT505.FILE182, moved to FILE182/PASTE
2023-04-02 22:26:25.662405 - Found PASTEDEF.txt (text/plain) in SBGOLOB.CBT505.FILE182, moved to FILE182/PASTEDEF
2023-04-02 22:26:25.663461 - Found PASTEDF@.txt (text/plain) in SBGOLOB.CBT505.FILE182, moved to FILE182/PASTEDF@
2023-04-02 22:26:25.664407 - Found PASTEPR@.txt (text/plain) in SBGOLOB.CBT505.FILE182, moved to FILE182/PASTEPR@
2023-04-02 22:26:25.665264 - Found PASTEPRM.txt (text/plain) in SBGOLOB.CBT505.FILE182, moved to FILE182/PASTEPRM
2023-04-02 22:26:25.665273 - Found PCXDRK.x-pcx containing image/x-pcx, moved to FILE182/PCXDRK
2023-04-02 22:26:25.666125 - Found PCXGP.x-pcx containing image/x-pcx, moved to FILE182/PCXGP
2023-04-02 22:26:25.667938 - Found PD.rexx (text/plain) in SBGOLOB.CBT505.FILE182, moved to FILE182/PD
2023-04-02 22:26:25.668828 - Found PDS$JCL.txt (text/plain) in SBGOLOB.CBT505.FILE182, moved to FILE182/PDS$JCL
2023-04-02 22:26:25.669698 - Found PDS@PRIM.txt (text/plain) in SBGOLOB.CBT505.FILE182, moved to FILE182/PDS@PRIM
2023-04-02 22:26:25.670544 - Found PDSASMH.txt (text/plain) in SBGOLOB.CBT505.FILE182, moved to FILE182/PDSASMH
2023-04-02 22:26:25.671437 - Found PDSATS.txt (text/plain) in SBGOLOB.CBT505.FILE182, moved to FILE182/PDSATS
2023-04-02 22:26:25.672296 - Found PDSBATCH.txt (text/plain) in SBGOLOB.CBT505.FILE182, moved to FILE182/PDSBATCH
2023-04-02 22:26:25.673152 - Found PDSBOOK.rexx (text/plain) in SBGOLOB.CBT505.FILE182, moved to FILE182/PDSBOOK
2023-04-02 22:26:25.674089 - Found PDSCMD.rexx (text/plain) in SBGOLOB.CBT505.FILE182, moved to FILE182/PDSCMD
2023-04-02 22:26:25.675093 - Found PDSCOMP.txt (text/plain) in SBGOLOB.CBT505.FILE182, moved to FILE182/PDSCOMP
2023-04-02 22:26:25.676053 - Found PDSEDIT$.txt (text/plain) in SBGOLOB.CBT505.FILE182, moved to FILE182/PDSEDIT$
2023-04-02 22:26:25.677310 - Found PDSEQU.txt (text/plain) in SBGOLOB.CBT505.FILE182, moved to FILE182/PDSEQU
2023-04-02 22:26:25.678262 - Found PDSEQU2.txt (text/plain) in SBGOLOB.CBT505.FILE182, moved to FILE182/PDSEQU2
2023-04-02 22:26:25.679189 - Found PDSGRPS.txt (text/plain) in SBGOLOB.CBT505.FILE182, moved to FILE182/PDSGRPS
2023-04-02 22:26:25.680420 - Found PDSHELP.txt (text/plain) in SBGOLOB.CBT505.FILE182, moved to FILE182/PDSHELP
2023-04-02 22:26:25.681429 - Found PDSHELPQ.txt (text/plain) in SBGOLOB.CBT505.FILE182, moved to FILE182/PDSHELPQ
2023-04-02 22:26:25.682349 - Found PDSHJCL.txt (text/plain) in SBGOLOB.CBT505.FILE182, moved to FILE182/PDSHJCL
2023-04-02 22:26:25.683306 - Found PDSINFO.rexx (text/plain) in SBGOLOB.CBT505.FILE182, moved to FILE182/PDSINFO
2023-04-02 22:26:25.684583 - Found PDSJCL.txt (text/plain) in SBGOLOB.CBT505.FILE182, moved to FILE182/PDSJCL
2023-04-02 22:26:25.685486 - Found PDSJCLAD.txt (text/plain) in SBGOLOB.CBT505.FILE182, moved to FILE182/PDSJCLAD
2023-04-02 22:26:25.686324 - Found PDSJCLHL.txt (text/plain) in SBGOLOB.CBT505.FILE182, moved to FILE182/PDSJCLHL
2023-04-02 22:26:25.687347 - Found PDSJCLUT.txt (text/plain) in SBGOLOB.CBT505.FILE182, moved to FILE182/PDSJCLUT
2023-04-02 22:26:25.688309 - Found PDSLAB.txt (text/plain) in SBGOLOB.CBT505.FILE182, moved to FILE182/PDSLAB
2023-04-02 22:26:25.689665 - Found PDSLIBDF.txt (text/plain) in SBGOLOB.CBT505.FILE182, moved to FILE182/PDSLIBDF
2023-04-02 22:26:25.690809 - Found PDSMODEL.rexx (text/plain) in SBGOLOB.CBT505.FILE182, moved to FILE182/PDSMODEL
2023-04-02 22:26:25.691964 - Found PDSMSGS.rexx (text/plain) in SBGOLOB.CBT505.FILE182, moved to FILE182/PDSMSGS
2023-04-02 22:26:25.692898 - Found PDSM86.txt (text/plain) in SBGOLOB.CBT505.FILE182, moved to FILE182/PDSM86
2023-04-02 22:26:25.694105 - Found PDSORIG.txt (text/plain) in SBGOLOB.CBT505.FILE182, moved to FILE182/PDSORIG
2023-04-02 22:26:25.695095 - Found PDSORIG$.txt (text/plain) in SBGOLOB.CBT505.FILE182, moved to FILE182/PDSORIG$
2023-04-02 22:26:25.696036 - Found PDSPARSE.rexx (text/plain) in SBGOLOB.CBT505.FILE182, moved to FILE182/PDSPARSE
2023-04-02 22:26:25.697146 - Found PDSPJCL.txt (text/plain) in SBGOLOB.CBT505.FILE182, moved to FILE182/PDSPJCL
2023-04-02 22:26:25.698057 - Found PDSQINST.rexx (text/plain) in SBGOLOB.CBT505.FILE182, moved to FILE182/PDSQINST
2023-04-02 22:26:25.699053 - Found PDSQWGEN.rexx (text/plain) in SBGOLOB.CBT505.FILE182, moved to FILE182/PDSQWGEN
2023-04-02 22:26:25.699988 - Found PDSQWIKI.txt (text/plain) in SBGOLOB.CBT505.FILE182, moved to FILE182/PDSQWIKI
2023-04-02 22:26:25.700961 - Found PDSQWLOD.txt (text/plain) in SBGOLOB.CBT505.FILE182, moved to FILE182/PDSQWLOD
2023-04-02 22:26:25.701847 - Found PDSSETUP.txt (text/plain) in SBGOLOB.CBT505.FILE182, moved to FILE182/PDSSETUP
2023-04-02 22:26:25.702727 - Found PDSTI.rexx (text/plain) in SBGOLOB.CBT505.FILE182, moved to FILE182/PDSTI
2023-04-02 22:26:25.703703 - Found PDSTRAP.txt (text/plain) in SBGOLOB.CBT505.FILE182, moved to FILE182/PDSTRAP
2023-04-02 22:26:25.704684 - Found PDSTRAPT.txt (text/plain) in SBGOLOB.CBT505.FILE182, moved to FILE182/PDSTRAPT
2023-04-02 22:26:25.705592 - Found PDSTRAPW.txt (text/plain) in SBGOLOB.CBT505.FILE182, moved to FILE182/PDSTRAPW
2023-04-02 22:26:25.706495 - Found PDSTRIM.rexx (text/plain) in SBGOLOB.CBT505.FILE182, moved to FILE182/PDSTRIM
2023-04-02 22:26:25.707393 - Found PDSVERS.rexx (text/plain) in SBGOLOB.CBT505.FILE182, moved to FILE182/PDSVERS
2023-04-02 22:26:25.708296 - Found PDS86X.rexx (text/plain) in SBGOLOB.CBT505.FILE182, moved to FILE182/PDS86X
2023-04-02 22:26:25.747556 - Found PGHXMIT.xmi (application/xmit) in SBGOLOB.CBT505.FILE182
2023-04-02 22:26:25.753141   - Received to CBT182/XMIT182.PGHELP
2023-04-02 22:26:25.753257 - Found PGLITE.bin containing application/octet-stream, moved to FILE182/PGLITE
2023-04-02 22:26:25.755717 - Found PGLQR.txt (text/plain) in SBGOLOB.CBT505.FILE182, moved to FILE182/PGLQR
2023-04-02 22:26:25.756787 - Found PGLX.txt (text/plain) in SBGOLOB.CBT505.FILE182, moved to FILE182/PGLX
2023-04-02 22:26:25.757860 - Found PLUG.rexx (text/plain) in SBGOLOB.CBT505.FILE182, moved to FILE182/PLUG
2023-04-02 22:26:25.758864 - Found PLUG#.txt (text/plain) in SBGOLOB.CBT505.FILE182, moved to FILE182/PLUG#
2023-04-02 22:26:25.761751 - De-xmi-ed PPTNEW to CBT182/docs/PPTNEW.ppt
2023-04-02 22:26:25.764664 - De-xmi-ed PPTPDS to CBT182/docs/PPTPDS.ppt
2023-04-02 22:26:25.765800 - Found PRTMSGS.rexx (text/plain) in SBGOLOB.CBT505.FILE182, moved to FILE182/PRTMSGS
2023-04-02 22:26:25.766780 - Found P86@CUA.txt (text/plain) in SBGOLOB.CBT505.FILE182, moved to FILE182/P86@CUA
2023-04-02 22:26:25.767774 - Found P86ALCLF.txt (text/plain) in SBGOLOB.CBT505.FILE182, moved to FILE182/P86ALCLF
2023-04-02 22:26:25.768846 - Found P86ALCMN.txt (text/plain) in SBGOLOB.CBT505.FILE182, moved to FILE182/P86ALCMN
2023-04-02 22:26:25.769786 - Found P86ALCPO.txt (text/plain) in SBGOLOB.CBT505.FILE182, moved to FILE182/P86ALCPO
2023-04-02 22:26:25.770777 - Found P86ALCPS.txt (text/plain) in SBGOLOB.CBT505.FILE182, moved to FILE182/P86ALCPS
2023-04-02 22:26:25.771900 - Found P86ART0.txt (text/plain) in SBGOLOB.CBT505.FILE182, moved to FILE182/P86ART0
2023-04-02 22:26:25.773007 - Found P86ART1.txt (text/plain) in SBGOLOB.CBT505.FILE182, moved to FILE182/P86ART1
2023-04-02 22:26:25.774019 - Found P86ART2A.txt (text/plain) in SBGOLOB.CBT505.FILE182, moved to FILE182/P86ART2A
2023-04-02 22:26:25.775140 - Found P86ART2B.txt (text/plain) in SBGOLOB.CBT505.FILE182, moved to FILE182/P86ART2B
2023-04-02 22:26:25.776248 - Found P86ART3.txt (text/plain) in SBGOLOB.CBT505.FILE182, moved to FILE182/P86ART3
2023-04-02 22:26:25.777426 - Found P86BIRTH.txt (text/plain) in SBGOLOB.CBT505.FILE182, moved to FILE182/P86BIRTH
2023-04-02 22:26:25.778470 - Found P86BLKP.txt (text/plain) in SBGOLOB.CBT505.FILE182, moved to FILE182/P86BLKP
2023-04-02 22:26:25.779535 - Found P86BLUES.txt (text/plain) in SBGOLOB.CBT505.FILE182, moved to FILE182/P86BLUES
2023-04-02 22:26:25.780552 - Found P86BUSY.txt (text/plain) in SBGOLOB.CBT505.FILE182, moved to FILE182/P86BUSY
2023-04-02 22:26:25.781663 - Found P86CHEAT.txt (text/plain) in SBGOLOB.CBT505.FILE182, moved to FILE182/P86CHEAT
2023-04-02 22:26:25.782678 - Found P86CHG@.txt (text/plain) in SBGOLOB.CBT505.FILE182, moved to FILE182/P86CHG@
2023-04-02 22:26:25.783724 - Found P86CHG@X.txt (text/plain) in SBGOLOB.CBT505.FILE182, moved to FILE182/P86CHG@X
2023-04-02 22:26:25.784784 - Found P86CHGS.txt (text/plain) in SBGOLOB.CBT505.FILE182, moved to FILE182/P86CHGS
2023-04-02 22:26:25.785857 - Found P86CUST.txt (text/plain) in SBGOLOB.CBT505.FILE182, moved to FILE182/P86CUST
2023-04-02 22:26:25.786932 - Found P86CX@P.txt (text/plain) in SBGOLOB.CBT505.FILE182, moved to FILE182/P86CX@P
2023-04-02 22:26:25.787995 - Found P86CXFTX.txt (text/plain) in SBGOLOB.CBT505.FILE182, moved to FILE182/P86CXFTX
2023-04-02 22:26:25.789043 - Found P86CXSOX.txt (text/plain) in SBGOLOB.CBT505.FILE182, moved to FILE182/P86CXSOX
2023-04-02 22:26:25.790042 - Found P86CXTB.txt (text/plain) in SBGOLOB.CBT505.FILE182, moved to FILE182/P86CXTB
2023-04-02 22:26:25.791107 - Found P86DSNP.txt (text/plain) in SBGOLOB.CBT505.FILE182, moved to FILE182/P86DSNP
2023-04-02 22:26:25.792143 - Found P86DUMI.txt (text/plain) in SBGOLOB.CBT505.FILE182, moved to FILE182/P86DUMI
2023-04-02 22:26:25.793081 - Found P86EQUAG.txt (text/plain) in SBGOLOB.CBT505.FILE182, moved to FILE182/P86EQUAG
2023-04-02 22:26:25.794000 - Found P86EQUA2.txt (text/plain) in SBGOLOB.CBT505.FILE182, moved to FILE182/P86EQUA2
2023-04-02 22:26:25.794992 - Found P86EQUA3.txt (text/plain) in SBGOLOB.CBT505.FILE182, moved to FILE182/P86EQUA3
2023-04-02 22:26:25.796035 - Found P86EQUA4.txt (text/plain) in SBGOLOB.CBT505.FILE182, moved to FILE182/P86EQUA4
2023-04-02 22:26:25.797118 - Found P86EQUH$.txt (text/plain) in SBGOLOB.CBT505.FILE182, moved to FILE182/P86EQUH$
2023-04-02 22:26:25.798152 - Found P86EQUH@.txt (text/plain) in SBGOLOB.CBT505.FILE182, moved to FILE182/P86EQUH@
2023-04-02 22:26:25.799176 - Found P86EQUH1.txt (text/plain) in SBGOLOB.CBT505.FILE182, moved to FILE182/P86EQUH1
2023-04-02 22:26:25.800121 - Found P86EQUH2.txt (text/plain) in SBGOLOB.CBT505.FILE182, moved to FILE182/P86EQUH2
2023-04-02 22:26:25.801129 - Found P86EQUH3.txt (text/plain) in SBGOLOB.CBT505.FILE182, moved to FILE182/P86EQUH3
2023-04-02 22:26:25.802152 - Found P86EQUH4.txt (text/plain) in SBGOLOB.CBT505.FILE182, moved to FILE182/P86EQUH4
2023-04-02 22:26:25.803195 - Found P86EXPAN.txt (text/plain) in SBGOLOB.CBT505.FILE182, moved to FILE182/P86EXPAN
2023-04-02 22:26:25.804134 - Found P86FN@PH.txt (text/plain) in SBGOLOB.CBT505.FILE182, moved to FILE182/P86FN@PH
2023-04-02 22:26:25.805107 - Found P86FNFN.txt (text/plain) in SBGOLOB.CBT505.FILE182, moved to FILE182/P86FNFN
2023-04-02 22:26:25.806068 - Found P86FSHEL.txt (text/plain) in SBGOLOB.CBT505.FILE182, moved to FILE182/P86FSHEL
2023-04-02 22:26:25.807025 - Found P86FU@P.txt (text/plain) in SBGOLOB.CBT505.FILE182, moved to FILE182/P86FU@P
2023-04-02 22:26:25.808100 - Found P86FU@PO.txt (text/plain) in SBGOLOB.CBT505.FILE182, moved to FILE182/P86FU@PO
2023-04-02 22:26:25.809218 - Found P86FUCN.txt (text/plain) in SBGOLOB.CBT505.FILE182, moved to FILE182/P86FUCN
2023-04-02 22:26:25.810180 - Found P86INFO.txt (text/plain) in SBGOLOB.CBT505.FILE182, moved to FILE182/P86INFO
2023-04-02 22:26:25.811255 - Found P86LA@L.txt (text/plain) in SBGOLOB.CBT505.FILE182, moved to FILE182/P86LA@L
2023-04-02 22:26:25.812347 - Found P86LA@LH.txt (text/plain) in SBGOLOB.CBT505.FILE182, moved to FILE182/P86LA@LH
2023-04-02 22:26:25.813389 - Found P86LA@P.txt (text/plain) in SBGOLOB.CBT505.FILE182, moved to FILE182/P86LA@P
2023-04-02 22:26:25.814423 - Found P86LA@PH.txt (text/plain) in SBGOLOB.CBT505.FILE182, moved to FILE182/P86LA@PH
2023-04-02 22:26:25.815463 - Found P86LAFTA.txt (text/plain) in SBGOLOB.CBT505.FILE182, moved to FILE182/P86LAFTA
2023-04-02 22:26:25.816470 - Found P86LALTA.txt (text/plain) in SBGOLOB.CBT505.FILE182, moved to FILE182/P86LALTA
2023-04-02 22:26:25.817491 - Found P86LATB.txt (text/plain) in SBGOLOB.CBT505.FILE182, moved to FILE182/P86LATB
2023-04-02 22:26:25.818417 - Found P86LAUX.txt (text/plain) in SBGOLOB.CBT505.FILE182, moved to FILE182/P86LAUX
2023-04-02 22:26:25.819408 - Found P86LC@L.txt (text/plain) in SBGOLOB.CBT505.FILE182, moved to FILE182/P86LC@L
2023-04-02 22:26:25.820688 - Found P86LC@LH.txt (text/plain) in SBGOLOB.CBT505.FILE182, moved to FILE182/P86LC@LH
2023-04-02 22:26:25.821659 - Found P86LC@P.txt (text/plain) in SBGOLOB.CBT505.FILE182, moved to FILE182/P86LC@P
2023-04-02 22:26:25.822635 - Found P86LCCH.txt (text/plain) in SBGOLOB.CBT505.FILE182, moved to FILE182/P86LCCH
2023-04-02 22:26:25.823622 - Found P86LCDE.txt (text/plain) in SBGOLOB.CBT505.FILE182, moved to FILE182/P86LCDE
2023-04-02 22:26:25.824603 - Found P86LCDST.txt (text/plain) in SBGOLOB.CBT505.FILE182, moved to FILE182/P86LCDST
2023-04-02 22:26:25.825549 - Found P86LCD2.txt (text/plain) in SBGOLOB.CBT505.FILE182, moved to FILE182/P86LCD2
2023-04-02 22:26:25.826439 - Found P86LCFE.txt (text/plain) in SBGOLOB.CBT505.FILE182, moved to FILE182/P86LCFE
2023-04-02 22:26:25.827611 - Found P86LCFTC.txt (text/plain) in SBGOLOB.CBT505.FILE182, moved to FILE182/P86LCFTC
2023-04-02 22:26:25.828563 - Found P86LCLTC.txt (text/plain) in SBGOLOB.CBT505.FILE182, moved to FILE182/P86LCLTC
2023-04-02 22:26:25.829471 - Found P86LCRE.txt (text/plain) in SBGOLOB.CBT505.FILE182, moved to FILE182/P86LCRE
2023-04-02 22:26:25.830382 - Found P86LCR2.txt (text/plain) in SBGOLOB.CBT505.FILE182, moved to FILE182/P86LCR2
2023-04-02 22:26:25.831299 - Found P86LCSOC.txt (text/plain) in SBGOLOB.CBT505.FILE182, moved to FILE182/P86LCSOC
2023-04-02 22:26:25.832418 - Found P86LCTB.txt (text/plain) in SBGOLOB.CBT505.FILE182, moved to FILE182/P86LCTB
2023-04-02 22:26:25.833368 - Found P86LCUX.txt (text/plain) in SBGOLOB.CBT505.FILE182, moved to FILE182/P86LCUX
2023-04-02 22:26:25.834276 - Found P86LCVTC.txt (text/plain) in SBGOLOB.CBT505.FILE182, moved to FILE182/P86LCVTC
2023-04-02 22:26:25.835211 - Found P86LCVTV.txt (text/plain) in SBGOLOB.CBT505.FILE182, moved to FILE182/P86LCVTV
2023-04-02 22:26:25.836288 - Found P86LCVT2.txt (text/plain) in SBGOLOB.CBT505.FILE182, moved to FILE182/P86LCVT2
2023-04-02 22:26:25.837262 - Found P86LL@P.txt (text/plain) in SBGOLOB.CBT505.FILE182, moved to FILE182/P86LL@P
2023-04-02 22:26:25.838268 - Found P86LL@PH.txt (text/plain) in SBGOLOB.CBT505.FILE182, moved to FILE182/P86LL@PH
2023-04-02 22:26:25.839303 - Found P86LLUX.txt (text/plain) in SBGOLOB.CBT505.FILE182, moved to FILE182/P86LLUX
2023-04-02 22:26:25.840272 - Found P86LO@P.txt (text/plain) in SBGOLOB.CBT505.FILE182, moved to FILE182/P86LO@P
2023-04-02 22:26:25.841202 - Found P86LOA.txt (text/plain) in SBGOLOB.CBT505.FILE182, moved to FILE182/P86LOA
2023-04-02 22:26:25.842242 - Found P86LOAL.txt (text/plain) in SBGOLOB.CBT505.FILE182, moved to FILE182/P86LOAL
2023-04-02 22:26:25.843385 - Found P86LOAM.txt (text/plain) in SBGOLOB.CBT505.FILE182, moved to FILE182/P86LOAM
2023-04-02 22:26:25.844606 - Found P86LOAU.txt (text/plain) in SBGOLOB.CBT505.FILE182, moved to FILE182/P86LOAU
2023-04-02 22:26:25.845777 - Found P86LOCB.txt (text/plain) in SBGOLOB.CBT505.FILE182, moved to FILE182/P86LOCB
2023-04-02 22:26:25.846814 - Found P86LOCC.txt (text/plain) in SBGOLOB.CBT505.FILE182, moved to FILE182/P86LOCC
2023-04-02 22:26:25.847881 - Found P86LOCL.txt (text/plain) in SBGOLOB.CBT505.FILE182, moved to FILE182/P86LOCL
2023-04-02 22:26:25.848974 - Found P86LOCO.txt (text/plain) in SBGOLOB.CBT505.FILE182, moved to FILE182/P86LOCO
2023-04-02 22:26:25.850050 - Found P86LOCP.txt (text/plain) in SBGOLOB.CBT505.FILE182, moved to FILE182/P86LOCP
2023-04-02 22:26:25.851336 - Found P86LODC.txt (text/plain) in SBGOLOB.CBT505.FILE182, moved to FILE182/P86LODC
2023-04-02 22:26:25.852485 - Found P86LODE.txt (text/plain) in SBGOLOB.CBT505.FILE182, moved to FILE182/P86LODE
2023-04-02 22:26:25.853530 - Found P86LODS.txt (text/plain) in SBGOLOB.CBT505.FILE182, moved to FILE182/P86LODS
2023-04-02 22:26:25.854728 - Found P86LOE.txt (text/plain) in SBGOLOB.CBT505.FILE182, moved to FILE182/P86LOE
2023-04-02 22:26:25.855731 - Found P86LOF.txt (text/plain) in SBGOLOB.CBT505.FILE182, moved to FILE182/P86LOF
2023-04-02 22:26:25.856693 - Found P86LOFS.txt (text/plain) in SBGOLOB.CBT505.FILE182, moved to FILE182/P86LOFS
2023-04-02 22:26:25.857722 - Found P86LOGO.txt (text/plain) in SBGOLOB.CBT505.FILE182, moved to FILE182/P86LOGO
2023-04-02 22:26:25.858762 - Found P86LOHE.txt (text/plain) in SBGOLOB.CBT505.FILE182, moved to FILE182/P86LOHE
2023-04-02 22:26:25.859852 - Found P86LOHE1.txt (text/plain) in SBGOLOB.CBT505.FILE182, moved to FILE182/P86LOHE1
2023-04-02 22:26:25.861012 - Found P86LOHH.txt (text/plain) in SBGOLOB.CBT505.FILE182, moved to FILE182/P86LOHH
2023-04-02 22:26:25.862233 - Found P86LOHI.txt (text/plain) in SBGOLOB.CBT505.FILE182, moved to FILE182/P86LOHI
2023-04-02 22:26:25.863470 - Found P86LOIV.txt (text/plain) in SBGOLOB.CBT505.FILE182, moved to FILE182/P86LOIV
2023-04-02 22:26:25.864504 - Found P86LOL.txt (text/plain) in SBGOLOB.CBT505.FILE182, moved to FILE182/P86LOL
2023-04-02 22:26:25.865847 - Found P86LOLM.txt (text/plain) in SBGOLOB.CBT505.FILE182, moved to FILE182/P86LOLM
2023-04-02 22:26:25.867054 - Found P86LOLO.txt (text/plain) in SBGOLOB.CBT505.FILE182, moved to FILE182/P86LOLO
2023-04-02 22:26:25.868065 - Found P86LOM.txt (text/plain) in SBGOLOB.CBT505.FILE182, moved to FILE182/P86LOM
2023-04-02 22:26:25.869163 - Found P86LOOU.txt (text/plain) in SBGOLOB.CBT505.FILE182, moved to FILE182/P86LOOU
2023-04-02 22:26:25.870174 - Found P86LOPR.txt (text/plain) in SBGOLOB.CBT505.FILE182, moved to FILE182/P86LOPR
2023-04-02 22:26:25.871324 - Found P86LOPT.txt (text/plain) in SBGOLOB.CBT505.FILE182, moved to FILE182/P86LOPT
2023-04-02 22:26:25.872315 - Found P86LORE.txt (text/plain) in SBGOLOB.CBT505.FILE182, moved to FILE182/P86LORE
2023-04-02 22:26:25.873429 - Found P86LORP.txt (text/plain) in SBGOLOB.CBT505.FILE182, moved to FILE182/P86LORP
2023-04-02 22:26:25.874555 - Found P86LORR.txt (text/plain) in SBGOLOB.CBT505.FILE182, moved to FILE182/P86LORR
2023-04-02 22:26:25.875597 - Found P86LORV.txt (text/plain) in SBGOLOB.CBT505.FILE182, moved to FILE182/P86LORV
2023-04-02 22:26:25.876663 - Found P86LOTE.txt (text/plain) in SBGOLOB.CBT505.FILE182, moved to FILE182/P86LOTE
2023-04-02 22:26:25.877724 - Found P86LOTL.txt (text/plain) in SBGOLOB.CBT505.FILE182, moved to FILE182/P86LOTL
2023-04-02 22:26:25.878907 - Found P86LOUX.txt (text/plain) in SBGOLOB.CBT505.FILE182, moved to FILE182/P86LOUX
2023-04-02 22:26:25.880107 - Found P86LOV.txt (text/plain) in SBGOLOB.CBT505.FILE182, moved to FILE182/P86LOV
2023-04-02 22:26:25.881152 - Found P86LOVP.txt (text/plain) in SBGOLOB.CBT505.FILE182, moved to FILE182/P86LOVP
2023-04-02 22:26:25.882266 - Found P86LOXM.txt (text/plain) in SBGOLOB.CBT505.FILE182, moved to FILE182/P86LOXM
2023-04-02 22:26:25.883376 - Found P86LT@L.txt (text/plain) in SBGOLOB.CBT505.FILE182, moved to FILE182/P86LT@L
2023-04-02 22:26:25.884526 - Found P86LTUP.txt (text/plain) in SBGOLOB.CBT505.FILE182, moved to FILE182/P86LTUP
2023-04-02 22:26:25.885672 - Found P86LTUX.txt (text/plain) in SBGOLOB.CBT505.FILE182, moved to FILE182/P86LTUX
2023-04-02 22:26:25.887160 - Found P86LV@L.txt (text/plain) in SBGOLOB.CBT505.FILE182, moved to FILE182/P86LV@L
2023-04-02 22:26:25.888202 - Found P86LV@P.txt (text/plain) in SBGOLOB.CBT505.FILE182, moved to FILE182/P86LV@P
2023-04-02 22:26:25.889130 - Found P86LVFTV.txt (text/plain) in SBGOLOB.CBT505.FILE182, moved to FILE182/P86LVFTV
2023-04-02 22:26:25.890229 - Found P86LVLTV.txt (text/plain) in SBGOLOB.CBT505.FILE182, moved to FILE182/P86LVLTV
2023-04-02 22:26:25.891375 - Found P86LVSOV.txt (text/plain) in SBGOLOB.CBT505.FILE182, moved to FILE182/P86LVSOV
2023-04-02 22:26:25.892438 - Found P86LVTB.txt (text/plain) in SBGOLOB.CBT505.FILE182, moved to FILE182/P86LVTB
2023-04-02 22:26:25.893592 - Found P86LVUX.txt (text/plain) in SBGOLOB.CBT505.FILE182, moved to FILE182/P86LVUX
2023-04-02 22:26:25.894597 - Found P86LVVT.txt (text/plain) in SBGOLOB.CBT505.FILE182, moved to FILE182/P86LVVT
2023-04-02 22:26:25.895578 - Found P86LX@L.txt (text/plain) in SBGOLOB.CBT505.FILE182, moved to FILE182/P86LX@L
2023-04-02 22:26:25.896546 - Found P86LX@LH.txt (text/plain) in SBGOLOB.CBT505.FILE182, moved to FILE182/P86LX@LH
2023-04-02 22:26:25.897498 - Found P86LXUX.txt (text/plain) in SBGOLOB.CBT505.FILE182, moved to FILE182/P86LXUX
2023-04-02 22:26:25.898419 - Found P86MEML.txt (text/plain) in SBGOLOB.CBT505.FILE182, moved to FILE182/P86MEML
2023-04-02 22:26:25.899394 - Found P86MEMLU.txt (text/plain) in SBGOLOB.CBT505.FILE182, moved to FILE182/P86MEMLU
2023-04-02 22:26:25.900301 - Found P86MN@P.txt (text/plain) in SBGOLOB.CBT505.FILE182, moved to FILE182/P86MN@P
2023-04-02 22:26:25.901446 - Found P86MN@PO.txt (text/plain) in SBGOLOB.CBT505.FILE182, moved to FILE182/P86MN@PO
2023-04-02 22:26:25.902478 - Found P86MNFE.txt (text/plain) in SBGOLOB.CBT505.FILE182, moved to FILE182/P86MNFE
2023-04-02 22:26:25.903428 - Found P86MNFTM.txt (text/plain) in SBGOLOB.CBT505.FILE182, moved to FILE182/P86MNFTM
2023-04-02 22:26:25.904431 - Found P86MNFTU.txt (text/plain) in SBGOLOB.CBT505.FILE182, moved to FILE182/P86MNFTU
2023-04-02 22:26:25.905473 - Found P86MNSOM.txt (text/plain) in SBGOLOB.CBT505.FILE182, moved to FILE182/P86MNSOM
2023-04-02 22:26:25.906425 - Found P86MNSOU.txt (text/plain) in SBGOLOB.CBT505.FILE182, moved to FILE182/P86MNSOU
2023-04-02 22:26:25.907333 - Found P86MNTB.txt (text/plain) in SBGOLOB.CBT505.FILE182, moved to FILE182/P86MNTB
2023-04-02 22:26:25.908226 - Found P86MODEL.txt (text/plain) in SBGOLOB.CBT505.FILE182, moved to FILE182/P86MODEL
2023-04-02 22:26:25.909240 - Found P86OLDP.txt (text/plain) in SBGOLOB.CBT505.FILE182, moved to FILE182/P86OLDP
2023-04-02 22:26:25.910254 - Found P86OLDP2.txt (text/plain) in SBGOLOB.CBT505.FILE182, moved to FILE182/P86OLDP2
2023-04-02 22:26:25.911495 - Found P86OLDP3.txt (text/plain) in SBGOLOB.CBT505.FILE182, moved to FILE182/P86OLDP3
2023-04-02 22:26:25.912474 - Found P86OP@P.txt (text/plain) in SBGOLOB.CBT505.FILE182, moved to FILE182/P86OP@P
2023-04-02 22:26:25.913469 - Found P86OP@PH.txt (text/plain) in SBGOLOB.CBT505.FILE182, moved to FILE182/P86OP@PH
2023-04-02 22:26:25.914727 - Found P86OP@PO.txt (text/plain) in SBGOLOB.CBT505.FILE182, moved to FILE182/P86OP@PO
2023-04-02 22:26:25.915830 - Found P86OPA.txt (text/plain) in SBGOLOB.CBT505.FILE182, moved to FILE182/P86OPA
2023-04-02 22:26:25.916960 - Found P86OPAL.txt (text/plain) in SBGOLOB.CBT505.FILE182, moved to FILE182/P86OPAL
2023-04-02 22:26:25.918093 - Found P86OPAM.txt (text/plain) in SBGOLOB.CBT505.FILE182, moved to FILE182/P86OPAM
2023-04-02 22:26:25.919190 - Found P86OPAU.txt (text/plain) in SBGOLOB.CBT505.FILE182, moved to FILE182/P86OPAU
2023-04-02 22:26:25.920427 - Found P86OPBR.txt (text/plain) in SBGOLOB.CBT505.FILE182, moved to FILE182/P86OPBR
2023-04-02 22:26:25.921620 - Found P86OPCA.txt (text/plain) in SBGOLOB.CBT505.FILE182, moved to FILE182/P86OPCA
2023-04-02 22:26:25.922785 - Found P86OPCB.txt (text/plain) in SBGOLOB.CBT505.FILE182, moved to FILE182/P86OPCB
2023-04-02 22:26:25.923777 - Found P86OPCC.txt (text/plain) in SBGOLOB.CBT505.FILE182, moved to FILE182/P86OPCC
2023-04-02 22:26:25.924753 - Found P86OPCH.txt (text/plain) in SBGOLOB.CBT505.FILE182, moved to FILE182/P86OPCH
2023-04-02 22:26:25.925779 - Found P86OPCN.txt (text/plain) in SBGOLOB.CBT505.FILE182, moved to FILE182/P86OPCN
2023-04-02 22:26:25.926718 - Found P86OPCP.txt (text/plain) in SBGOLOB.CBT505.FILE182, moved to FILE182/P86OPCP
2023-04-02 22:26:25.927748 - Found P86OPCR.txt (text/plain) in SBGOLOB.CBT505.FILE182, moved to FILE182/P86OPCR
2023-04-02 22:26:25.928880 - Found P86OPDC.txt (text/plain) in SBGOLOB.CBT505.FILE182, moved to FILE182/P86OPDC
2023-04-02 22:26:25.929927 - Found P86OPDE.txt (text/plain) in SBGOLOB.CBT505.FILE182, moved to FILE182/P86OPDE
2023-04-02 22:26:25.931017 - Found P86OPDI.txt (text/plain) in SBGOLOB.CBT505.FILE182, moved to FILE182/P86OPDI
2023-04-02 22:26:25.931986 - Found P86OPDP.txt (text/plain) in SBGOLOB.CBT505.FILE182, moved to FILE182/P86OPDP
2023-04-02 22:26:25.933014 - Found P86OPDR.txt (text/plain) in SBGOLOB.CBT505.FILE182, moved to FILE182/P86OPDR
2023-04-02 22:26:25.934012 - Found P86OPDS.txt (text/plain) in SBGOLOB.CBT505.FILE182, moved to FILE182/P86OPDS
2023-04-02 22:26:25.935013 - Found P86OPED.txt (text/plain) in SBGOLOB.CBT505.FILE182, moved to FILE182/P86OPED
2023-04-02 22:26:25.936045 - Found P86OPFE.txt (text/plain) in SBGOLOB.CBT505.FILE182, moved to FILE182/P86OPFE
2023-04-02 22:26:25.937032 - Found P86OPFI.txt (text/plain) in SBGOLOB.CBT505.FILE182, moved to FILE182/P86OPFI
2023-04-02 22:26:25.938015 - Found P86OPFS.txt (text/plain) in SBGOLOB.CBT505.FILE182, moved to FILE182/P86OPFS
2023-04-02 22:26:25.939047 - Found P86OPFTS.txt (text/plain) in SBGOLOB.CBT505.FILE182, moved to FILE182/P86OPFTS
2023-04-02 22:26:25.939976 - Found P86OPFX.txt (text/plain) in SBGOLOB.CBT505.FILE182, moved to FILE182/P86OPFX
2023-04-02 22:26:25.940935 - Found P86OPGR.txt (text/plain) in SBGOLOB.CBT505.FILE182, moved to FILE182/P86OPGR
2023-04-02 22:26:25.941974 - Found P86OPGR2.txt (text/plain) in SBGOLOB.CBT505.FILE182, moved to FILE182/P86OPGR2
2023-04-02 22:26:25.943027 - Found P86OPHE.txt (text/plain) in SBGOLOB.CBT505.FILE182, moved to FILE182/P86OPHE
2023-04-02 22:26:25.943972 - Found P86OPHE1.txt (text/plain) in SBGOLOB.CBT505.FILE182, moved to FILE182/P86OPHE1
2023-04-02 22:26:25.944977 - Found P86OPHH.txt (text/plain) in SBGOLOB.CBT505.FILE182, moved to FILE182/P86OPHH
2023-04-02 22:26:25.945919 - Found P86OPHI.txt (text/plain) in SBGOLOB.CBT505.FILE182, moved to FILE182/P86OPHI
2023-04-02 22:26:25.946863 - Found P86OPIF.txt (text/plain) in SBGOLOB.CBT505.FILE182, moved to FILE182/P86OPIF
2023-04-02 22:26:25.947840 - Found P86OPIFU.txt (text/plain) in SBGOLOB.CBT505.FILE182, moved to FILE182/P86OPIFU
2023-04-02 22:26:25.948836 - Found P86OPIM.txt (text/plain) in SBGOLOB.CBT505.FILE182, moved to FILE182/P86OPIM
2023-04-02 22:26:25.949801 - Found P86OPIV.txt (text/plain) in SBGOLOB.CBT505.FILE182, moved to FILE182/P86OPIV
2023-04-02 22:26:25.950830 - Found P86OPLCS.txt (text/plain) in SBGOLOB.CBT505.FILE182, moved to FILE182/P86OPLCS
2023-04-02 22:26:25.951829 - Found P86OPLI.txt (text/plain) in SBGOLOB.CBT505.FILE182, moved to FILE182/P86OPLI
2023-04-02 22:26:25.952789 - Found P86OPLM.txt (text/plain) in SBGOLOB.CBT505.FILE182, moved to FILE182/P86OPLM
2023-04-02 22:26:25.953726 - Found P86OPLO.txt (text/plain) in SBGOLOB.CBT505.FILE182, moved to FILE182/P86OPLO
2023-04-02 22:26:25.954676 - Found P86OPMA.txt (text/plain) in SBGOLOB.CBT505.FILE182, moved to FILE182/P86OPMA
2023-04-02 22:26:25.955585 - Found P86OPMC.txt (text/plain) in SBGOLOB.CBT505.FILE182, moved to FILE182/P86OPMC
2023-04-02 22:26:25.956668 - Found P86OPME.txt (text/plain) in SBGOLOB.CBT505.FILE182, moved to FILE182/P86OPME
2023-04-02 22:26:25.957660 - Found P86OPML.txt (text/plain) in SBGOLOB.CBT505.FILE182, moved to FILE182/P86OPML
2023-04-02 22:26:25.958612 - Found P86OPMLU.txt (text/plain) in SBGOLOB.CBT505.FILE182, moved to FILE182/P86OPMLU
2023-04-02 22:26:25.959621 - Found P86OPMM.txt (text/plain) in SBGOLOB.CBT505.FILE182, moved to FILE182/P86OPMM
2023-04-02 22:26:25.960617 - Found P86OPMOD.txt (text/plain) in SBGOLOB.CBT505.FILE182, moved to FILE182/P86OPMOD
2023-04-02 22:26:25.961755 - Found P86OPMT.txt (text/plain) in SBGOLOB.CBT505.FILE182, moved to FILE182/P86OPMT
2023-04-02 22:26:25.962858 - Found P86OPOL.txt (text/plain) in SBGOLOB.CBT505.FILE182, moved to FILE182/P86OPOL
2023-04-02 22:26:25.963803 - Found P86OPOU.txt (text/plain) in SBGOLOB.CBT505.FILE182, moved to FILE182/P86OPOU
2023-04-02 22:26:25.964716 - Found P86OPPA.txt (text/plain) in SBGOLOB.CBT505.FILE182, moved to FILE182/P86OPPA
2023-04-02 22:26:25.965590 - Found P86OPPD.txt (text/plain) in SBGOLOB.CBT505.FILE182, moved to FILE182/P86OPPD
2023-04-02 22:26:25.966480 - Found P86OPPR.txt (text/plain) in SBGOLOB.CBT505.FILE182, moved to FILE182/P86OPPR
2023-04-02 22:26:25.967446 - Found P86OPPUX.txt (text/plain) in SBGOLOB.CBT505.FILE182, moved to FILE182/P86OPPUX
2023-04-02 22:26:25.968365 - Found P86OPP2.txt (text/plain) in SBGOLOB.CBT505.FILE182, moved to FILE182/P86OPP2
2023-04-02 22:26:25.969252 - Found P86OPRE.txt (text/plain) in SBGOLOB.CBT505.FILE182, moved to FILE182/P86OPRE
2023-04-02 22:26:25.970131 - Found P86OPRN.txt (text/plain) in SBGOLOB.CBT505.FILE182, moved to FILE182/P86OPRN
2023-04-02 22:26:25.971036 - Found P86OPRP.txt (text/plain) in SBGOLOB.CBT505.FILE182, moved to FILE182/P86OPRP
2023-04-02 22:26:25.971894 - Found P86OPRR.txt (text/plain) in SBGOLOB.CBT505.FILE182, moved to FILE182/P86OPRR
2023-04-02 22:26:25.972752 - Found P86OPRS.txt (text/plain) in SBGOLOB.CBT505.FILE182, moved to FILE182/P86OPRS
2023-04-02 22:26:25.973608 - Found P86OPRV.txt (text/plain) in SBGOLOB.CBT505.FILE182, moved to FILE182/P86OPRV
2023-04-02 22:26:25.974457 - Found P86OPSL.txt (text/plain) in SBGOLOB.CBT505.FILE182, moved to FILE182/P86OPSL
2023-04-02 22:26:25.975333 - Found P86OPSM.txt (text/plain) in SBGOLOB.CBT505.FILE182, moved to FILE182/P86OPSM
2023-04-02 22:26:25.976247 - Found P86OPSOM.txt (text/plain) in SBGOLOB.CBT505.FILE182, moved to FILE182/P86OPSOM
2023-04-02 22:26:25.977189 - Found P86OPSOS.txt (text/plain) in SBGOLOB.CBT505.FILE182, moved to FILE182/P86OPSOS
2023-04-02 22:26:25.978105 - Found P86OPSOU.txt (text/plain) in SBGOLOB.CBT505.FILE182, moved to FILE182/P86OPSOU
2023-04-02 22:26:25.979084 - Found P86OPSR.txt (text/plain) in SBGOLOB.CBT505.FILE182, moved to FILE182/P86OPSR
2023-04-02 22:26:25.979992 - Found P86OPSU.txt (text/plain) in SBGOLOB.CBT505.FILE182, moved to FILE182/P86OPSU
2023-04-02 22:26:25.980958 - Found P86OPTB.txt (text/plain) in SBGOLOB.CBT505.FILE182, moved to FILE182/P86OPTB
2023-04-02 22:26:25.981865 - Found P86OPTE.txt (text/plain) in SBGOLOB.CBT505.FILE182, moved to FILE182/P86OPTE
2023-04-02 22:26:25.982764 - Found P86OPTL.txt (text/plain) in SBGOLOB.CBT505.FILE182, moved to FILE182/P86OPTL
2023-04-02 22:26:25.983742 - Found P86OPTS.txt (text/plain) in SBGOLOB.CBT505.FILE182, moved to FILE182/P86OPTS
2023-04-02 22:26:25.984654 - Found P86OPURL.txt (text/plain) in SBGOLOB.CBT505.FILE182, moved to FILE182/P86OPURL
2023-04-02 22:26:25.985503 - Found P86OPUX.txt (text/plain) in SBGOLOB.CBT505.FILE182, moved to FILE182/P86OPUX
2023-04-02 22:26:25.986383 - Found P86OPUXC.txt (text/plain) in SBGOLOB.CBT505.FILE182, moved to FILE182/P86OPUXC
2023-04-02 22:26:25.987292 - Found P86OPUZA.txt (text/plain) in SBGOLOB.CBT505.FILE182, moved to FILE182/P86OPUZA
2023-04-02 22:26:25.988213 - Found P86OPVE.txt (text/plain) in SBGOLOB.CBT505.FILE182, moved to FILE182/P86OPVE
2023-04-02 22:26:25.989137 - Found P86OPVP.txt (text/plain) in SBGOLOB.CBT505.FILE182, moved to FILE182/P86OPVP
2023-04-02 22:26:25.990012 - Found P86OPWH.txt (text/plain) in SBGOLOB.CBT505.FILE182, moved to FILE182/P86OPWH
2023-04-02 22:26:25.990920 - Found P86OPXM.txt (text/plain) in SBGOLOB.CBT505.FILE182, moved to FILE182/P86OPXM
2023-04-02 22:26:25.991857 - Found P86OS@P.txt (text/plain) in SBGOLOB.CBT505.FILE182, moved to FILE182/P86OS@P
2023-04-02 22:26:25.992815 - Found P86OS@PO.txt (text/plain) in SBGOLOB.CBT505.FILE182, moved to FILE182/P86OS@PO
2023-04-02 22:26:25.993717 - Found P86OSCA.txt (text/plain) in SBGOLOB.CBT505.FILE182, moved to FILE182/P86OSCA
2023-04-02 22:26:25.994602 - Found P86OSCC.txt (text/plain) in SBGOLOB.CBT505.FILE182, moved to FILE182/P86OSCC
2023-04-02 22:26:25.995527 - Found P86OSCP.txt (text/plain) in SBGOLOB.CBT505.FILE182, moved to FILE182/P86OSCP
2023-04-02 22:26:25.996517 - Found P86OSDC.txt (text/plain) in SBGOLOB.CBT505.FILE182, moved to FILE182/P86OSDC
2023-04-02 22:26:25.997490 - Found P86OSDP.txt (text/plain) in SBGOLOB.CBT505.FILE182, moved to FILE182/P86OSDP
2023-04-02 22:26:25.998435 - Found P86OSED.txt (text/plain) in SBGOLOB.CBT505.FILE182, moved to FILE182/P86OSED
2023-04-02 22:26:25.999542 - Found P86OSFE.txt (text/plain) in SBGOLOB.CBT505.FILE182, moved to FILE182/P86OSFE
2023-04-02 22:26:26.000586 - Found P86OSFI.txt (text/plain) in SBGOLOB.CBT505.FILE182, moved to FILE182/P86OSFI
2023-04-02 22:26:26.001580 - Found P86OSFS.txt (text/plain) in SBGOLOB.CBT505.FILE182, moved to FILE182/P86OSFS
2023-04-02 22:26:26.002566 - Found P86OSFX.txt (text/plain) in SBGOLOB.CBT505.FILE182, moved to FILE182/P86OSFX
2023-04-02 22:26:26.003628 - Found P86OSIV.txt (text/plain) in SBGOLOB.CBT505.FILE182, moved to FILE182/P86OSIV
2023-04-02 22:26:26.004597 - Found P86OSLI.txt (text/plain) in SBGOLOB.CBT505.FILE182, moved to FILE182/P86OSLI
2023-04-02 22:26:26.005569 - Found P86OSMC.txt (text/plain) in SBGOLOB.CBT505.FILE182, moved to FILE182/P86OSMC
2023-04-02 22:26:26.006484 - Found P86OSPR.txt (text/plain) in SBGOLOB.CBT505.FILE182, moved to FILE182/P86OSPR
2023-04-02 22:26:26.007529 - Found P86OSRP.txt (text/plain) in SBGOLOB.CBT505.FILE182, moved to FILE182/P86OSRP
2023-04-02 22:26:26.008466 - Found P86OSRV.txt (text/plain) in SBGOLOB.CBT505.FILE182, moved to FILE182/P86OSRV
2023-04-02 22:26:26.009387 - Found P86OSSU.txt (text/plain) in SBGOLOB.CBT505.FILE182, moved to FILE182/P86OSSU
2023-04-02 22:26:26.010289 - Found P86OSS2.txt (text/plain) in SBGOLOB.CBT505.FILE182, moved to FILE182/P86OSS2
2023-04-02 22:26:26.011197 - Found P86OSTE.txt (text/plain) in SBGOLOB.CBT505.FILE182, moved to FILE182/P86OSTE
2023-04-02 22:26:26.012106 - Found P86OSTL.txt (text/plain) in SBGOLOB.CBT505.FILE182, moved to FILE182/P86OSTL
2023-04-02 22:26:26.012979 - Found P86OSVE.txt (text/plain) in SBGOLOB.CBT505.FILE182, moved to FILE182/P86OSVE
2023-04-02 22:26:26.013815 - Found P86OSVP.txt (text/plain) in SBGOLOB.CBT505.FILE182, moved to FILE182/P86OSVP
2023-04-02 22:26:26.014689 - Found P86OSWH.txt (text/plain) in SBGOLOB.CBT505.FILE182, moved to FILE182/P86OSWH
2023-04-02 22:26:26.015608 - Found P86PDSE.txt (text/plain) in SBGOLOB.CBT505.FILE182, moved to FILE182/P86PDSE
2023-04-02 22:26:26.016507 - Found P86PFIND.txt (text/plain) in SBGOLOB.CBT505.FILE182, moved to FILE182/P86PFIND
2023-04-02 22:26:26.017384 - Found P86PN@P.txt (text/plain) in SBGOLOB.CBT505.FILE182, moved to FILE182/P86PN@P
2023-04-02 22:26:26.018293 - Found P86PN@PH.txt (text/plain) in SBGOLOB.CBT505.FILE182, moved to FILE182/P86PN@PH
2023-04-02 22:26:26.019196 - Found P86PN@PI.txt (text/plain) in SBGOLOB.CBT505.FILE182, moved to FILE182/P86PN@PI
2023-04-02 22:26:26.020103 - Found P86PN@PN.txt (text/plain) in SBGOLOB.CBT505.FILE182, moved to FILE182/P86PN@PN
2023-04-02 22:26:26.021023 - Found P86PN@PO.txt (text/plain) in SBGOLOB.CBT505.FILE182, moved to FILE182/P86PN@PO
2023-04-02 22:26:26.021910 - Found P86PN@PX.txt (text/plain) in SBGOLOB.CBT505.FILE182, moved to FILE182/P86PN@PX
2023-04-02 22:26:26.022778 - Found P86PNA.txt (text/plain) in SBGOLOB.CBT505.FILE182, moved to FILE182/P86PNA
2023-04-02 22:26:26.023659 - Found P86PNB.txt (text/plain) in SBGOLOB.CBT505.FILE182, moved to FILE182/P86PNB
2023-04-02 22:26:26.024539 - Found P86PNBW.txt (text/plain) in SBGOLOB.CBT505.FILE182, moved to FILE182/P86PNBW
2023-04-02 22:26:26.025389 - Found P86PNC.txt (text/plain) in SBGOLOB.CBT505.FILE182, moved to FILE182/P86PNC
2023-04-02 22:26:26.026230 - Found P86PND.txt (text/plain) in SBGOLOB.CBT505.FILE182, moved to FILE182/P86PND
2023-04-02 22:26:26.027160 - Found P86PND@.txt (text/plain) in SBGOLOB.CBT505.FILE182, moved to FILE182/P86PND@
2023-04-02 22:26:26.028034 - Found P86PNDL.txt (text/plain) in SBGOLOB.CBT505.FILE182, moved to FILE182/P86PNDL
2023-04-02 22:26:26.028892 - Found P86PNDLP.txt (text/plain) in SBGOLOB.CBT505.FILE182, moved to FILE182/P86PNDLP
2023-04-02 22:26:26.029760 - Found P86PNDPS.txt (text/plain) in SBGOLOB.CBT505.FILE182, moved to FILE182/P86PNDPS
2023-04-02 22:26:26.030592 - Found P86PNE.txt (text/plain) in SBGOLOB.CBT505.FILE182, moved to FILE182/P86PNE
2023-04-02 22:26:26.031518 - Found P86PNF.txt (text/plain) in SBGOLOB.CBT505.FILE182, moved to FILE182/P86PNF
2023-04-02 22:26:26.032382 - Found P86PNF@.txt (text/plain) in SBGOLOB.CBT505.FILE182, moved to FILE182/P86PNF@
2023-04-02 22:26:26.033237 - Found P86PNFA.txt (text/plain) in SBGOLOB.CBT505.FILE182, moved to FILE182/P86PNFA
2023-04-02 22:26:26.034064 - Found P86PNFB.txt (text/plain) in SBGOLOB.CBT505.FILE182, moved to FILE182/P86PNFB
2023-04-02 22:26:26.034992 - Found P86PNFF.txt (text/plain) in SBGOLOB.CBT505.FILE182, moved to FILE182/P86PNFF
2023-04-02 22:26:26.035845 - Found P86PNFL.txt (text/plain) in SBGOLOB.CBT505.FILE182, moved to FILE182/P86PNFL
2023-04-02 22:26:26.036721 - Found P86PNFO.txt (text/plain) in SBGOLOB.CBT505.FILE182, moved to FILE182/P86PNFO
2023-04-02 22:26:26.037596 - Found P86PNFP.txt (text/plain) in SBGOLOB.CBT505.FILE182, moved to FILE182/P86PNFP
2023-04-02 22:26:26.038449 - Found P86PNG.txt (text/plain) in SBGOLOB.CBT505.FILE182, moved to FILE182/P86PNG
2023-04-02 22:26:26.039389 - Found P86PNH.txt (text/plain) in SBGOLOB.CBT505.FILE182, moved to FILE182/P86PNH
2023-04-02 22:26:26.040378 - Found P86PNHPS.txt (text/plain) in SBGOLOB.CBT505.FILE182, moved to FILE182/P86PNHPS
2023-04-02 22:26:26.041292 - Found P86PNI.txt (text/plain) in SBGOLOB.CBT505.FILE182, moved to FILE182/P86PNI
2023-04-02 22:26:26.042241 - Found P86PNI@.txt (text/plain) in SBGOLOB.CBT505.FILE182, moved to FILE182/P86PNI@
2023-04-02 22:26:26.043170 - Found P86PNIB.txt (text/plain) in SBGOLOB.CBT505.FILE182, moved to FILE182/P86PNIB
2023-04-02 22:26:26.044415 - Found P86PNIF.txt (text/plain) in SBGOLOB.CBT505.FILE182, moved to FILE182/P86PNIF
2023-04-02 22:26:26.045338 - Found P86PNIL.txt (text/plain) in SBGOLOB.CBT505.FILE182, moved to FILE182/P86PNIL
2023-04-02 22:26:26.046241 - Found P86PNIO.txt (text/plain) in SBGOLOB.CBT505.FILE182, moved to FILE182/P86PNIO
2023-04-02 22:26:26.047176 - Found P86PNIP.txt (text/plain) in SBGOLOB.CBT505.FILE182, moved to FILE182/P86PNIP
2023-04-02 22:26:26.048142 - Found P86PNIPS.txt (text/plain) in SBGOLOB.CBT505.FILE182, moved to FILE182/P86PNIPS
2023-04-02 22:26:26.049042 - Found P86PNIS.txt (text/plain) in SBGOLOB.CBT505.FILE182, moved to FILE182/P86PNIS
2023-04-02 22:26:26.049951 - Found P86PNJ.txt (text/plain) in SBGOLOB.CBT505.FILE182, moved to FILE182/P86PNJ
2023-04-02 22:26:26.050836 - Found P86PNK.txt (text/plain) in SBGOLOB.CBT505.FILE182, moved to FILE182/P86PNK
2023-04-02 22:26:26.051751 - Found P86PNK@.txt (text/plain) in SBGOLOB.CBT505.FILE182, moved to FILE182/P86PNK@
2023-04-02 22:26:26.052857 - Found P86PNKB.txt (text/plain) in SBGOLOB.CBT505.FILE182, moved to FILE182/P86PNKB
2023-04-02 22:26:26.053699 - Found P86PNKF.txt (text/plain) in SBGOLOB.CBT505.FILE182, moved to FILE182/P86PNKF
2023-04-02 22:26:26.054717 - Found P86PNKL.txt (text/plain) in SBGOLOB.CBT505.FILE182, moved to FILE182/P86PNKL
2023-04-02 22:26:26.055794 - Found P86PNKO.txt (text/plain) in SBGOLOB.CBT505.FILE182, moved to FILE182/P86PNKO
2023-04-02 22:26:26.056748 - Found P86PNKP.txt (text/plain) in SBGOLOB.CBT505.FILE182, moved to FILE182/P86PNKP
2023-04-02 22:26:26.057636 - Found P86PNKPS.txt (text/plain) in SBGOLOB.CBT505.FILE182, moved to FILE182/P86PNKPS
2023-04-02 22:26:26.058488 - Found P86PNKS.txt (text/plain) in SBGOLOB.CBT505.FILE182, moved to FILE182/P86PNKS
2023-04-02 22:26:26.059404 - Found P86PNL.txt (text/plain) in SBGOLOB.CBT505.FILE182, moved to FILE182/P86PNL
2023-04-02 22:26:26.060307 - Found P86PNLPS.txt (text/plain) in SBGOLOB.CBT505.FILE182, moved to FILE182/P86PNLPS
2023-04-02 22:26:26.061178 - Found P86PNM.txt (text/plain) in SBGOLOB.CBT505.FILE182, moved to FILE182/P86PNM
2023-04-02 22:26:26.062151 - Found P86PNMPS.txt (text/plain) in SBGOLOB.CBT505.FILE182, moved to FILE182/P86PNMPS
2023-04-02 22:26:26.063116 - Found P86PNN.txt (text/plain) in SBGOLOB.CBT505.FILE182, moved to FILE182/P86PNN
2023-04-02 22:26:26.064052 - Found P86PNN@.txt (text/plain) in SBGOLOB.CBT505.FILE182, moved to FILE182/P86PNN@
2023-04-02 22:26:26.064974 - Found P86PNNB.txt (text/plain) in SBGOLOB.CBT505.FILE182, moved to FILE182/P86PNNB
2023-04-02 22:26:26.065913 - Found P86PNNF.txt (text/plain) in SBGOLOB.CBT505.FILE182, moved to FILE182/P86PNNF
2023-04-02 22:26:26.066860 - Found P86PNNL.txt (text/plain) in SBGOLOB.CBT505.FILE182, moved to FILE182/P86PNNL
2023-04-02 22:26:26.067936 - Found P86PNNO.txt (text/plain) in SBGOLOB.CBT505.FILE182, moved to FILE182/P86PNNO
2023-04-02 22:26:26.068840 - Found P86PNNP.txt (text/plain) in SBGOLOB.CBT505.FILE182, moved to FILE182/P86PNNP
2023-04-02 22:26:26.069699 - Found P86PNNT.txt (text/plain) in SBGOLOB.CBT505.FILE182, moved to FILE182/P86PNNT
2023-04-02 22:26:26.070703 - Found P86PNO.txt (text/plain) in SBGOLOB.CBT505.FILE182, moved to FILE182/P86PNO
2023-04-02 22:26:26.071674 - Found P86PNO@.txt (text/plain) in SBGOLOB.CBT505.FILE182, moved to FILE182/P86PNO@
2023-04-02 22:26:26.072572 - Found P86PNOB.txt (text/plain) in SBGOLOB.CBT505.FILE182, moved to FILE182/P86PNOB
2023-04-02 22:26:26.073436 - Found P86PNOF.txt (text/plain) in SBGOLOB.CBT505.FILE182, moved to FILE182/P86PNOF
2023-04-02 22:26:26.074288 - Found P86PNOL.txt (text/plain) in SBGOLOB.CBT505.FILE182, moved to FILE182/P86PNOL
2023-04-02 22:26:26.075197 - Found P86PNOO.txt (text/plain) in SBGOLOB.CBT505.FILE182, moved to FILE182/P86PNOO
2023-04-02 22:26:26.076100 - Found P86PNOP.txt (text/plain) in SBGOLOB.CBT505.FILE182, moved to FILE182/P86PNOP
2023-04-02 22:26:26.076999 - Found P86PNOPS.txt (text/plain) in SBGOLOB.CBT505.FILE182, moved to FILE182/P86PNOPS
2023-04-02 22:26:26.077875 - Found P86PNOS.txt (text/plain) in SBGOLOB.CBT505.FILE182, moved to FILE182/P86PNOS
2023-04-02 22:26:26.078761 - Found P86PNR.txt (text/plain) in SBGOLOB.CBT505.FILE182, moved to FILE182/P86PNR
2023-04-02 22:26:26.079948 - Found P86PNRPS.txt (text/plain) in SBGOLOB.CBT505.FILE182, moved to FILE182/P86PNRPS
2023-04-02 22:26:26.080899 - Found P86PNS.txt (text/plain) in SBGOLOB.CBT505.FILE182, moved to FILE182/P86PNS
2023-04-02 22:26:26.081822 - Found P86PNSPS.txt (text/plain) in SBGOLOB.CBT505.FILE182, moved to FILE182/P86PNSPS
2023-04-02 22:26:26.082917 - Found P86PN1.txt (text/plain) in SBGOLOB.CBT505.FILE182, moved to FILE182/P86PN1
2023-04-02 22:26:26.084045 - Found P86PN1@.txt (text/plain) in SBGOLOB.CBT505.FILE182, moved to FILE182/P86PN1@
2023-04-02 22:26:26.085017 - Found P86PN1A.txt (text/plain) in SBGOLOB.CBT505.FILE182, moved to FILE182/P86PN1A
2023-04-02 22:26:26.086085 - Found P86PN1AC.txt (text/plain) in SBGOLOB.CBT505.FILE182, moved to FILE182/P86PN1AC
2023-04-02 22:26:26.087185 - Found P86PN1B.txt (text/plain) in SBGOLOB.CBT505.FILE182, moved to FILE182/P86PN1B
2023-04-02 22:26:26.088145 - Found P86PN1M@.txt (text/plain) in SBGOLOB.CBT505.FILE182, moved to FILE182/P86PN1M@
2023-04-02 22:26:26.089092 - Found P86PN1MC.txt (text/plain) in SBGOLOB.CBT505.FILE182, moved to FILE182/P86PN1MC
2023-04-02 22:26:26.090157 - Found P86PN1ML.txt (text/plain) in SBGOLOB.CBT505.FILE182, moved to FILE182/P86PN1ML
2023-04-02 22:26:26.091341 - Found P86PN1MN.txt (text/plain) in SBGOLOB.CBT505.FILE182, moved to FILE182/P86PN1MN
2023-04-02 22:26:26.092344 - Found P86PN1MO.txt (text/plain) in SBGOLOB.CBT505.FILE182, moved to FILE182/P86PN1MO
2023-04-02 22:26:26.093608 - Found P86PN1MP.txt (text/plain) in SBGOLOB.CBT505.FILE182, moved to FILE182/P86PN1MP
2023-04-02 22:26:26.094680 - Found P86PN1MR.txt (text/plain) in SBGOLOB.CBT505.FILE182, moved to FILE182/P86PN1MR
2023-04-02 22:26:26.095629 - Found P86PN1W.txt (text/plain) in SBGOLOB.CBT505.FILE182, moved to FILE182/P86PN1W
2023-04-02 22:26:26.096511 - Found P86PN2.txt (text/plain) in SBGOLOB.CBT505.FILE182, moved to FILE182/P86PN2
2023-04-02 22:26:26.097356 - Found P86PN3.txt (text/plain) in SBGOLOB.CBT505.FILE182, moved to FILE182/P86PN3
2023-04-02 22:26:26.098213 - Found P86PN3@.txt (text/plain) in SBGOLOB.CBT505.FILE182, moved to FILE182/P86PN3@
2023-04-02 22:26:26.099076 - Found P86PN3A.txt (text/plain) in SBGOLOB.CBT505.FILE182, moved to FILE182/P86PN3A
2023-04-02 22:26:26.099959 - Found P86PN4.txt (text/plain) in SBGOLOB.CBT505.FILE182, moved to FILE182/P86PN4
2023-04-02 22:26:26.100978 - Found P86PN4@.txt (text/plain) in SBGOLOB.CBT505.FILE182, moved to FILE182/P86PN4@
2023-04-02 22:26:26.101981 - Found P86PN4A.txt (text/plain) in SBGOLOB.CBT505.FILE182, moved to FILE182/P86PN4A
2023-04-02 22:26:26.103052 - Found P86PN5.txt (text/plain) in SBGOLOB.CBT505.FILE182, moved to FILE182/P86PN5
2023-04-02 22:26:26.103926 - Found P86PN5@.txt (text/plain) in SBGOLOB.CBT505.FILE182, moved to FILE182/P86PN5@
2023-04-02 22:26:26.104879 - Found P86PN5A.txt (text/plain) in SBGOLOB.CBT505.FILE182, moved to FILE182/P86PN5A
2023-04-02 22:26:26.105865 - Found P86PN5AC.txt (text/plain) in SBGOLOB.CBT505.FILE182, moved to FILE182/P86PN5AC
2023-04-02 22:26:26.106822 - Found P86PN5B.txt (text/plain) in SBGOLOB.CBT505.FILE182, moved to FILE182/P86PN5B
2023-04-02 22:26:26.107854 - Found P86PN5B1.txt (text/plain) in SBGOLOB.CBT505.FILE182, moved to FILE182/P86PN5B1
2023-04-02 22:26:26.108743 - Found P86PN5C.txt (text/plain) in SBGOLOB.CBT505.FILE182, moved to FILE182/P86PN5C
2023-04-02 22:26:26.109599 - Found P86PN5CC.txt (text/plain) in SBGOLOB.CBT505.FILE182, moved to FILE182/P86PN5CC
2023-04-02 22:26:26.110459 - Found P86PN5C1.txt (text/plain) in SBGOLOB.CBT505.FILE182, moved to FILE182/P86PN5C1
2023-04-02 22:26:26.111318 - Found P86PN5C2.txt (text/plain) in SBGOLOB.CBT505.FILE182, moved to FILE182/P86PN5C2
2023-04-02 22:26:26.112323 - Found P86PN5D.txt (text/plain) in SBGOLOB.CBT505.FILE182, moved to FILE182/P86PN5D
2023-04-02 22:26:26.113247 - Found P86PN5D2.txt (text/plain) in SBGOLOB.CBT505.FILE182, moved to FILE182/P86PN5D2
2023-04-02 22:26:26.114228 - Found P86PN5E.txt (text/plain) in SBGOLOB.CBT505.FILE182, moved to FILE182/P86PN5E
2023-04-02 22:26:26.115204 - Found P86PN5F.txt (text/plain) in SBGOLOB.CBT505.FILE182, moved to FILE182/P86PN5F
2023-04-02 22:26:26.116150 - Found P86PN5G.txt (text/plain) in SBGOLOB.CBT505.FILE182, moved to FILE182/P86PN5G
2023-04-02 22:26:26.117064 - Found P86PN5H.txt (text/plain) in SBGOLOB.CBT505.FILE182, moved to FILE182/P86PN5H
2023-04-02 22:26:26.118047 - Found P86PN5I.txt (text/plain) in SBGOLOB.CBT505.FILE182, moved to FILE182/P86PN5I
2023-04-02 22:26:26.119034 - Found P86PN5L.txt (text/plain) in SBGOLOB.CBT505.FILE182, moved to FILE182/P86PN5L
2023-04-02 22:26:26.120032 - Found P86PN5LP.txt (text/plain) in SBGOLOB.CBT505.FILE182, moved to FILE182/P86PN5LP
2023-04-02 22:26:26.121005 - Found P86PN5PS.txt (text/plain) in SBGOLOB.CBT505.FILE182, moved to FILE182/P86PN5PS
2023-04-02 22:26:26.121910 - Found P86PN6.txt (text/plain) in SBGOLOB.CBT505.FILE182, moved to FILE182/P86PN6
2023-04-02 22:26:26.122851 - Found P86PN6@.txt (text/plain) in SBGOLOB.CBT505.FILE182, moved to FILE182/P86PN6@
2023-04-02 22:26:26.123811 - Found P86PN6B.txt (text/plain) in SBGOLOB.CBT505.FILE182, moved to FILE182/P86PN6B
2023-04-02 22:26:26.124948 - Found P86PN6F.txt (text/plain) in SBGOLOB.CBT505.FILE182, moved to FILE182/P86PN6F
2023-04-02 22:26:26.125872 - Found P86PN6L.txt (text/plain) in SBGOLOB.CBT505.FILE182, moved to FILE182/P86PN6L
2023-04-02 22:26:26.126773 - Found P86PN6LP.txt (text/plain) in SBGOLOB.CBT505.FILE182, moved to FILE182/P86PN6LP
2023-04-02 22:26:26.127900 - Found P86PN6PS.txt (text/plain) in SBGOLOB.CBT505.FILE182, moved to FILE182/P86PN6PS
2023-04-02 22:26:26.128951 - Found P86PN6S.txt (text/plain) in SBGOLOB.CBT505.FILE182, moved to FILE182/P86PN6S
2023-04-02 22:26:26.129923 - Found P86PN7.txt (text/plain) in SBGOLOB.CBT505.FILE182, moved to FILE182/P86PN7
2023-04-02 22:26:26.130931 - Found P86PN7@.txt (text/plain) in SBGOLOB.CBT505.FILE182, moved to FILE182/P86PN7@
2023-04-02 22:26:26.132026 - Found P86PN7L.txt (text/plain) in SBGOLOB.CBT505.FILE182, moved to FILE182/P86PN7L
2023-04-02 22:26:26.132913 - Found P86PN7LP.txt (text/plain) in SBGOLOB.CBT505.FILE182, moved to FILE182/P86PN7LP
2023-04-02 22:26:26.133926 - Found P86PN7PS.txt (text/plain) in SBGOLOB.CBT505.FILE182, moved to FILE182/P86PN7PS
2023-04-02 22:26:26.134952 - Found P86PN8.txt (text/plain) in SBGOLOB.CBT505.FILE182, moved to FILE182/P86PN8
2023-04-02 22:26:26.135881 - Found P86PN8@.txt (text/plain) in SBGOLOB.CBT505.FILE182, moved to FILE182/P86PN8@
2023-04-02 22:26:26.136920 - Found P86PN8B.txt (text/plain) in SBGOLOB.CBT505.FILE182, moved to FILE182/P86PN8B
2023-04-02 22:26:26.137854 - Found P86PN8D.txt (text/plain) in SBGOLOB.CBT505.FILE182, moved to FILE182/P86PN8D
2023-04-02 22:26:26.138883 - Found P86PN8D2.txt (text/plain) in SBGOLOB.CBT505.FILE182, moved to FILE182/P86PN8D2
2023-04-02 22:26:26.139936 - Found P86PN8F.txt (text/plain) in SBGOLOB.CBT505.FILE182, moved to FILE182/P86PN8F
2023-04-02 22:26:26.140849 - Found P86PN8PS.txt (text/plain) in SBGOLOB.CBT505.FILE182, moved to FILE182/P86PN8PS
2023-04-02 22:26:26.141821 - Found P86PN8S.txt (text/plain) in SBGOLOB.CBT505.FILE182, moved to FILE182/P86PN8S
2023-04-02 22:26:26.142786 - Found P86PN9.txt (text/plain) in SBGOLOB.CBT505.FILE182, moved to FILE182/P86PN9
2023-04-02 22:26:26.143727 - Found P86PN9@.txt (text/plain) in SBGOLOB.CBT505.FILE182, moved to FILE182/P86PN9@
2023-04-02 22:26:26.144746 - Found P86PN9A.txt (text/plain) in SBGOLOB.CBT505.FILE182, moved to FILE182/P86PN9A
2023-04-02 22:26:26.145784 - Found P86QREF.txt (text/plain) in SBGOLOB.CBT505.FILE182, moved to FILE182/P86QREF
2023-04-02 22:26:26.146772 - Found P86RECOV.txt (text/plain) in SBGOLOB.CBT505.FILE182, moved to FILE182/P86RECOV
2023-04-02 22:26:26.147827 - Found P86RECO2.txt (text/plain) in SBGOLOB.CBT505.FILE182, moved to FILE182/P86RECO2
2023-04-02 22:26:26.148808 - Found P86RLSE.txt (text/plain) in SBGOLOB.CBT505.FILE182, moved to FILE182/P86RLSE
2023-04-02 22:26:26.149755 - Found P86SET@.txt (text/plain) in SBGOLOB.CBT505.FILE182, moved to FILE182/P86SET@
2023-04-02 22:26:26.150753 - Found P86SET@P.txt (text/plain) in SBGOLOB.CBT505.FILE182, moved to FILE182/P86SET@P
2023-04-02 22:26:26.151718 - Found P86SETE.txt (text/plain) in SBGOLOB.CBT505.FILE182, moved to FILE182/P86SETE
2023-04-02 22:26:26.152812 - Found P86SETE@.txt (text/plain) in SBGOLOB.CBT505.FILE182, moved to FILE182/P86SETE@
2023-04-02 22:26:26.153782 - Found P86SETE1.txt (text/plain) in SBGOLOB.CBT505.FILE182, moved to FILE182/P86SETE1
2023-04-02 22:26:26.154715 - Found P86SETE2.txt (text/plain) in SBGOLOB.CBT505.FILE182, moved to FILE182/P86SETE2
2023-04-02 22:26:26.155736 - Found P86SETE3.txt (text/plain) in SBGOLOB.CBT505.FILE182, moved to FILE182/P86SETE3
2023-04-02 22:26:26.156703 - Found P86SETE4.txt (text/plain) in SBGOLOB.CBT505.FILE182, moved to FILE182/P86SETE4
2023-04-02 22:26:26.157601 - Found P86SETF.txt (text/plain) in SBGOLOB.CBT505.FILE182, moved to FILE182/P86SETF
2023-04-02 22:26:26.158517 - Found P86SETF@.txt (text/plain) in SBGOLOB.CBT505.FILE182, moved to FILE182/P86SETF@
2023-04-02 22:26:26.159644 - Found P86SETF1.txt (text/plain) in SBGOLOB.CBT505.FILE182, moved to FILE182/P86SETF1
2023-04-02 22:26:26.160677 - Found P86SETF2.txt (text/plain) in SBGOLOB.CBT505.FILE182, moved to FILE182/P86SETF2
2023-04-02 22:26:26.161697 - Found P86SETF3.txt (text/plain) in SBGOLOB.CBT505.FILE182, moved to FILE182/P86SETF3
2023-04-02 22:26:26.162603 - Found P86SETL.txt (text/plain) in SBGOLOB.CBT505.FILE182, moved to FILE182/P86SETL
2023-04-02 22:26:26.163492 - Found P86SETL@.txt (text/plain) in SBGOLOB.CBT505.FILE182, moved to FILE182/P86SETL@
2023-04-02 22:26:26.164375 - Found P86SETL1.txt (text/plain) in SBGOLOB.CBT505.FILE182, moved to FILE182/P86SETL1
2023-04-02 22:26:26.165242 - Found P86SETL2.txt (text/plain) in SBGOLOB.CBT505.FILE182, moved to FILE182/P86SETL2
2023-04-02 22:26:26.166179 - Found P86SETL3.txt (text/plain) in SBGOLOB.CBT505.FILE182, moved to FILE182/P86SETL3
2023-04-02 22:26:26.167086 - Found P86SETL4.txt (text/plain) in SBGOLOB.CBT505.FILE182, moved to FILE182/P86SETL4
2023-04-02 22:26:26.167951 - Found P86SETM.txt (text/plain) in SBGOLOB.CBT505.FILE182, moved to FILE182/P86SETM
2023-04-02 22:26:26.168815 - Found P86SETM@.txt (text/plain) in SBGOLOB.CBT505.FILE182, moved to FILE182/P86SETM@
2023-04-02 22:26:26.169672 - Found P86SETM1.txt (text/plain) in SBGOLOB.CBT505.FILE182, moved to FILE182/P86SETM1
2023-04-02 22:26:26.170572 - Found P86SETM2.txt (text/plain) in SBGOLOB.CBT505.FILE182, moved to FILE182/P86SETM2
2023-04-02 22:26:26.171464 - Found P86SETM3.txt (text/plain) in SBGOLOB.CBT505.FILE182, moved to FILE182/P86SETM3
2023-04-02 22:26:26.172445 - Found P86SETM4.txt (text/plain) in SBGOLOB.CBT505.FILE182, moved to FILE182/P86SETM4
2023-04-02 22:26:26.173444 - Found P86SETM5.txt (text/plain) in SBGOLOB.CBT505.FILE182, moved to FILE182/P86SETM5
2023-04-02 22:26:26.174404 - Found P86SETM6.txt (text/plain) in SBGOLOB.CBT505.FILE182, moved to FILE182/P86SETM6
2023-04-02 22:26:26.175328 - Found P86SETM7.txt (text/plain) in SBGOLOB.CBT505.FILE182, moved to FILE182/P86SETM7
2023-04-02 22:26:26.176310 - Found P86SETM8.txt (text/plain) in SBGOLOB.CBT505.FILE182, moved to FILE182/P86SETM8
2023-04-02 22:26:26.177240 - Found P86SETS.txt (text/plain) in SBGOLOB.CBT505.FILE182, moved to FILE182/P86SETS
2023-04-02 22:26:26.178084 - Found P86SETS@.txt (text/plain) in SBGOLOB.CBT505.FILE182, moved to FILE182/P86SETS@
2023-04-02 22:26:26.179018 - Found P86SETS1.txt (text/plain) in SBGOLOB.CBT505.FILE182, moved to FILE182/P86SETS1
2023-04-02 22:26:26.179880 - Found P86SETS2.txt (text/plain) in SBGOLOB.CBT505.FILE182, moved to FILE182/P86SETS2
2023-04-02 22:26:26.180724 - Found P86SETS3.txt (text/plain) in SBGOLOB.CBT505.FILE182, moved to FILE182/P86SETS3
2023-04-02 22:26:26.181595 - Found P86SETS4.txt (text/plain) in SBGOLOB.CBT505.FILE182, moved to FILE182/P86SETS4
2023-04-02 22:26:26.182465 - Found P86SETS5.txt (text/plain) in SBGOLOB.CBT505.FILE182, moved to FILE182/P86SETS5
2023-04-02 22:26:26.183349 - Found P86SETS6.txt (text/plain) in SBGOLOB.CBT505.FILE182, moved to FILE182/P86SETS6
2023-04-02 22:26:26.184217 - Found P86SETS7.txt (text/plain) in SBGOLOB.CBT505.FILE182, moved to FILE182/P86SETS7
2023-04-02 22:26:26.185078 - Found P86SETS8.txt (text/plain) in SBGOLOB.CBT505.FILE182, moved to FILE182/P86SETS8
2023-04-02 22:26:26.185933 - Found P86SETT.txt (text/plain) in SBGOLOB.CBT505.FILE182, moved to FILE182/P86SETT
2023-04-02 22:26:26.186800 - Found P86SETT@.txt (text/plain) in SBGOLOB.CBT505.FILE182, moved to FILE182/P86SETT@
2023-04-02 22:26:26.187983 - Found P86SETT0.txt (text/plain) in SBGOLOB.CBT505.FILE182, moved to FILE182/P86SETT0
2023-04-02 22:26:26.188970 - Found P86SETT1.txt (text/plain) in SBGOLOB.CBT505.FILE182, moved to FILE182/P86SETT1
2023-04-02 22:26:26.189919 - Found P86SETT2.txt (text/plain) in SBGOLOB.CBT505.FILE182, moved to FILE182/P86SETT2
2023-04-02 22:26:26.190808 - Found P86SETT3.txt (text/plain) in SBGOLOB.CBT505.FILE182, moved to FILE182/P86SETT3
2023-04-02 22:26:26.191825 - Found P86SETV.txt (text/plain) in SBGOLOB.CBT505.FILE182, moved to FILE182/P86SETV
2023-04-02 22:26:26.192950 - Found P86SETV@.txt (text/plain) in SBGOLOB.CBT505.FILE182, moved to FILE182/P86SETV@
2023-04-02 22:26:26.193981 - Found P86SETV1.txt (text/plain) in SBGOLOB.CBT505.FILE182, moved to FILE182/P86SETV1
2023-04-02 22:26:26.194979 - Found P86SETV2.txt (text/plain) in SBGOLOB.CBT505.FILE182, moved to FILE182/P86SETV2
2023-04-02 22:26:26.195956 - Found P86SETV3.txt (text/plain) in SBGOLOB.CBT505.FILE182, moved to FILE182/P86SETV3
2023-04-02 22:26:26.196910 - Found P86STAR.txt (text/plain) in SBGOLOB.CBT505.FILE182, moved to FILE182/P86STAR
2023-04-02 22:26:26.197968 - Found P86TINI.txt (text/plain) in SBGOLOB.CBT505.FILE182, moved to FILE182/P86TINI
2023-04-02 22:26:26.198994 - Found P86TRANS.txt (text/plain) in SBGOLOB.CBT505.FILE182, moved to FILE182/P86TRANS
2023-04-02 22:26:26.199999 - Found P86TT@LH.txt (text/plain) in SBGOLOB.CBT505.FILE182, moved to FILE182/P86TT@LH
2023-04-02 22:26:26.200901 - Found P86TT@P.txt (text/plain) in SBGOLOB.CBT505.FILE182, moved to FILE182/P86TT@P
2023-04-02 22:26:26.201767 - Found P86TTFTT.txt (text/plain) in SBGOLOB.CBT505.FILE182, moved to FILE182/P86TTFTT
2023-04-02 22:26:26.202744 - Found P86TTTB.txt (text/plain) in SBGOLOB.CBT505.FILE182, moved to FILE182/P86TTTB
2023-04-02 22:26:26.203879 - Found P86UNDOC.txt (text/plain) in SBGOLOB.CBT505.FILE182, moved to FILE182/P86UNDOC
2023-04-02 22:26:26.204836 - Found P86VCONT.txt (text/plain) in SBGOLOB.CBT505.FILE182, moved to FILE182/P86VCONT
2023-04-02 22:26:26.205751 - Found P86VERR.txt (text/plain) in SBGOLOB.CBT505.FILE182, moved to FILE182/P86VERR
2023-04-02 22:26:26.206664 - Found P86VEXT.txt (text/plain) in SBGOLOB.CBT505.FILE182, moved to FILE182/P86VEXT
2023-04-02 22:26:26.207708 - Found P86VEXTH.txt (text/plain) in SBGOLOB.CBT505.FILE182, moved to FILE182/P86VEXTH
2023-04-02 22:26:26.208658 - Found P86VIVI.txt (text/plain) in SBGOLOB.CBT505.FILE182, moved to FILE182/P86VIVI
2023-04-02 22:26:26.209547 - Found P86VREC.txt (text/plain) in SBGOLOB.CBT505.FILE182, moved to FILE182/P86VREC
2023-04-02 22:26:26.210401 - Found P86VRL2.txt (text/plain) in SBGOLOB.CBT505.FILE182, moved to FILE182/P86VRL2
2023-04-02 22:26:26.211433 - Found P86VTSO.txt (text/plain) in SBGOLOB.CBT505.FILE182, moved to FILE182/P86VTSO
2023-04-02 22:26:26.212407 - Found P86VUTU.txt (text/plain) in SBGOLOB.CBT505.FILE182, moved to FILE182/P86VUTU
2023-04-02 22:26:26.213309 - Found P86VUT1.txt (text/plain) in SBGOLOB.CBT505.FILE182, moved to FILE182/P86VUT1
2023-04-02 22:26:26.214163 - Found P86VUT2.txt (text/plain) in SBGOLOB.CBT505.FILE182, moved to FILE182/P86VUT2
2023-04-02 22:26:26.215089 - Found P86XMILF.txt (text/plain) in SBGOLOB.CBT505.FILE182, moved to FILE182/P86XMILF
2023-04-02 22:26:26.215943 - Found P86XMIUT.txt (text/plain) in SBGOLOB.CBT505.FILE182, moved to FILE182/P86XMIUT
2023-04-02 22:26:26.216829 - Found P86XP1.txt (text/plain) in SBGOLOB.CBT505.FILE182, moved to FILE182/P86XP1
2023-04-02 22:26:26.217714 - Found P86XP2.txt (text/plain) in SBGOLOB.CBT505.FILE182, moved to FILE182/P86XP2
2023-04-02 22:26:26.218705 - Found P862214.txt (text/plain) in SBGOLOB.CBT505.FILE182, moved to FILE182/P862214
2023-04-02 22:26:26.219741 - Found P862837.txt (text/plain) in SBGOLOB.CBT505.FILE182, moved to FILE182/P862837
2023-04-02 22:26:26.220692 - Found QWIKFIX.rexx (text/plain) in SBGOLOB.CBT505.FILE182, moved to FILE182/QWIKFIX
2023-04-02 22:26:26.221662 - Found RADMCUST.jcl (text/plain) in SBGOLOB.CBT505.FILE182, moved to FILE182/RADMCUST
2023-04-02 22:26:26.222583 - Found RCQDATE.txt (text/plain) in SBGOLOB.CBT505.FILE182, moved to FILE182/RCQDATE
2023-04-02 22:26:26.223549 - Found RCQDATE$.txt (text/plain) in SBGOLOB.CBT505.FILE182, moved to FILE182/RCQDATE$
2023-04-02 22:26:26.224495 - Found RCQDATEC.txt (text/plain) in SBGOLOB.CBT505.FILE182, moved to FILE182/RCQDATEC
2023-04-02 22:26:26.225565 - Found RCQMO00.txt (text/plain) in SBGOLOB.CBT505.FILE182, moved to FILE182/RCQMO00
2023-04-02 22:26:26.254561 - Found RCQXMIT.xmi (application/xmit) in SBGOLOB.CBT505.FILE182
2023-04-02 22:26:26.261853   - Received to CBT182/XMIT182.RCQDATE
2023-04-02 22:26:26.262984 - Found REEQUAL.txt (text/plain) in SBGOLOB.CBT505.FILE182, moved to FILE182/REEQUAL
2023-04-02 22:26:26.264065 - Found REVIVE.rexx (text/plain) in SBGOLOB.CBT505.FILE182, moved to FILE182/REVIVE
2023-04-02 22:26:26.265144 - Found RNS.rexx (text/plain) in SBGOLOB.CBT505.FILE182, moved to FILE182/RNS
2023-04-02 22:26:26.507367 - Found RRGEN.xmi (application/xmit) in SBGOLOB.CBT505.FILE182
2023-04-02 22:26:26.548489   - Received to CBT182/RRGEN.SOURCE
2023-04-02 22:26:26.549798 - Found SAMPM1.txt (text/plain) in SBGOLOB.CBT505.FILE182, moved to FILE182/SAMPM1
2023-04-02 22:26:26.550949 - Found SAMPPREP.txt (text/plain) in SBGOLOB.CBT505.FILE182, moved to FILE182/SAMPPREP
2023-04-02 22:26:26.552007 - Found SAMPPRE1.txt (text/plain) in SBGOLOB.CBT505.FILE182, moved to FILE182/SAMPPRE1
2023-04-02 22:26:26.552958 - Found SAMPPRE2.txt (text/plain) in SBGOLOB.CBT505.FILE182, moved to FILE182/SAMPPRE2
2023-04-02 22:26:26.553878 - Found SCPASMCL.txt (text/plain) in SBGOLOB.CBT505.FILE182, moved to FILE182/SCPASMCL
2023-04-02 22:26:26.554814 - Found SCPASML.txt (text/plain) in SBGOLOB.CBT505.FILE182, moved to FILE182/SCPASML
2023-04-02 22:26:26.555919 - Found SCPBATAS.txt (text/plain) in SBGOLOB.CBT505.FILE182, moved to FILE182/SCPBATAS
2023-04-02 22:26:26.556970 - Found SCPBATA1.jcl (text/plain) in SBGOLOB.CBT505.FILE182, moved to FILE182/SCPBATA1
2023-04-02 22:26:26.557912 - Found SCPDSN.txt (text/plain) in SBGOLOB.CBT505.FILE182, moved to FILE182/SCPDSN
2023-04-02 22:26:26.558832 - Found SCPENT1.txt (text/plain) in SBGOLOB.CBT505.FILE182, moved to FILE182/SCPENT1
2023-04-02 22:26:26.559919 - Found SCPM01.txt (text/plain) in SBGOLOB.CBT505.FILE182, moved to FILE182/SCPM01
2023-04-02 22:26:26.561074 - Found SCPPREP.txt (text/plain) in SBGOLOB.CBT505.FILE182, moved to FILE182/SCPPREP
2023-04-02 22:26:26.572701 - Found SHAXMIT.xmi (application/xmit) in SBGOLOB.CBT505.FILE182
2023-04-02 22:26:26.584103   - Received RECFM=U data, stored XMIT file as CBT182/SHAXMIT.xmi
2023-04-02 22:26:26.585134 - Found SHA1FOX.txt (text/plain) in SBGOLOB.CBT505.FILE182, moved to FILE182/SHA1FOX
2023-04-02 22:26:26.586077 - Found SHOWCUT.txt (text/plain) in SBGOLOB.CBT505.FILE182, moved to FILE182/SHOWCUT
2023-04-02 22:26:26.587046 - Found SHOWCUTP.txt (text/plain) in SBGOLOB.CBT505.FILE182, moved to FILE182/SHOWCUTP
2023-04-02 22:26:26.588143 - Found SMPACCPT.jcl (text/plain) in SBGOLOB.CBT505.FILE182, moved to FILE182/SMPACCPT
2023-04-02 22:26:26.589220 - Found SMPALLOC.jcl (text/plain) in SBGOLOB.CBT505.FILE182, moved to FILE182/SMPALLOC
2023-04-02 22:26:26.590142 - Found SMPAPPLY.jcl (text/plain) in SBGOLOB.CBT505.FILE182, moved to FILE182/SMPAPPLY
2023-04-02 22:26:26.591110 - Found SMPCSI.jcl (text/plain) in SBGOLOB.CBT505.FILE182, moved to FILE182/SMPCSI
2023-04-02 22:26:26.592381 - Found SMPDDDEF.jcl (text/plain) in SBGOLOB.CBT505.FILE182, moved to FILE182/SMPDDDEF
2023-04-02 22:26:26.593532 - Found SMPFIXES.txt (text/plain) in SBGOLOB.CBT505.FILE182, moved to FILE182/SMPFIXES
2023-04-02 22:26:26.594590 - Found SMPFIX84.txt (text/plain) in SBGOLOB.CBT505.FILE182, moved to FILE182/SMPFIX84
2023-04-02 22:26:26.595759 - Found SMPINST.txt (text/plain) in SBGOLOB.CBT505.FILE182, moved to FILE182/SMPINST
2023-04-02 22:26:26.596756 - Found SMPJOBS.txt (text/plain) in SBGOLOB.CBT505.FILE182, moved to FILE182/SMPJOBS
2023-04-02 22:26:26.597738 - Found SMPRECV.jcl (text/plain) in SBGOLOB.CBT505.FILE182, moved to FILE182/SMPRECV
2023-04-02 22:26:26.598795 - Found SMPUMJOB.jcl (text/plain) in SBGOLOB.CBT505.FILE182, moved to FILE182/SMPUMJOB
2023-04-02 22:26:26.599828 - Found SMPUMOD1.txt (text/plain) in SBGOLOB.CBT505.FILE182, moved to FILE182/SMPUMOD1
2023-04-02 22:26:26.600761 - Found SMPUMOD2.txt (text/plain) in SBGOLOB.CBT505.FILE182, moved to FILE182/SMPUMOD2
2023-04-02 22:26:26.600772 - Found SMPUMOD3.bin containing application/octet-stream, moved to FILE182/SMPUMOD3
2023-04-02 22:26:26.602720 - Found SPFMSGS.txt (text/plain) in SBGOLOB.CBT505.FILE182, moved to FILE182/SPFMSGS
2023-04-02 22:26:26.603746 - Found SPFPRIM.txt (text/plain) in SBGOLOB.CBT505.FILE182, moved to FILE182/SPFPRIM
2023-04-02 22:26:26.604801 - Found SUPC.rexx (text/plain) in SBGOLOB.CBT505.FILE182, moved to FILE182/SUPC
2023-04-02 22:26:26.605792 - Found TESTUSER.txt (text/plain) in SBGOLOB.CBT505.FILE182, moved to FILE182/TESTUSER
2023-04-02 22:26:26.613182 - Found TESTXMIT.xmi (application/xmit) in SBGOLOB.CBT505.FILE182
2023-04-02 22:26:26.621975   - Received RECFM=U data, stored XMIT file as CBT182/TESTXMIT.xmi
2023-04-02 22:26:26.622951 - Found TIDYPDF.rexx (text/plain) in SBGOLOB.CBT505.FILE182, moved to FILE182/TIDYPDF
2023-04-02 22:26:26.624110 - Found TSOTESTA.txt (text/plain) in SBGOLOB.CBT505.FILE182, moved to FILE182/TSOTESTA
2023-04-02 22:26:26.625285 - Found TSOTESTE.txt (text/plain) in SBGOLOB.CBT505.FILE182, moved to FILE182/TSOTESTE
2023-04-02 22:26:26.626460 - Found TSOTEST1.txt (text/plain) in SBGOLOB.CBT505.FILE182, moved to FILE182/TSOTEST1
2023-04-02 22:26:26.627448 - Found TSOTEST2.txt (text/plain) in SBGOLOB.CBT505.FILE182, moved to FILE182/TSOTEST2
2023-04-02 22:26:26.628423 - Found TSOTEST3.txt (text/plain) in SBGOLOB.CBT505.FILE182, moved to FILE182/TSOTEST3
2023-04-02 22:26:26.629360 - Found TSOTEST4.txt (text/plain) in SBGOLOB.CBT505.FILE182, moved to FILE182/TSOTEST4
2023-04-02 22:26:26.630562 - Found TSOTEST5.txt (text/plain) in SBGOLOB.CBT505.FILE182, moved to FILE182/TSOTEST5
2023-04-02 22:26:26.631746 - Found TSOTEST6.txt (text/plain) in SBGOLOB.CBT505.FILE182, moved to FILE182/TSOTEST6
2023-04-02 22:26:26.632859 - Found TSOTEST7.txt (text/plain) in SBGOLOB.CBT505.FILE182, moved to FILE182/TSOTEST7
2023-04-02 22:26:26.634060 - Found TSOTEST8.txt (text/plain) in SBGOLOB.CBT505.FILE182, moved to FILE182/TSOTEST8
2023-04-02 22:26:26.635027 - Found TSOTEST9.txt (text/plain) in SBGOLOB.CBT505.FILE182, moved to FILE182/TSOTEST9
2023-04-02 22:26:26.636157 - Found TSOTRAP.rexx (text/plain) in SBGOLOB.CBT505.FILE182, moved to FILE182/TSOTRAP
2023-04-02 22:26:26.637193 - Found UNIQUE.rexx (text/plain) in SBGOLOB.CBT505.FILE182, moved to FILE182/UNIQUE
2023-04-02 22:26:26.638196 - Found UNX.txt (text/plain) in SBGOLOB.CBT505.FILE182, moved to FILE182/UNX
2023-04-02 22:26:26.639258 - Found UNX#.txt (text/plain) in SBGOLOB.CBT505.FILE182, moved to FILE182/UNX#
2023-04-02 22:26:27.159207 - Found UTILXMIT.xmi (application/xmit) in SBGOLOB.CBT505.FILE182
2023-04-02 22:26:27.273651   - Received RECFM=U data, stored XMIT file as CBT182/UTILXMIT.xmi
2023-04-02 22:26:27.275371 - Found VISTAMAC.txt (text/plain) in SBGOLOB.CBT505.FILE182, moved to FILE182/VISTAMAC
2023-04-02 22:26:27.334509 - Found VSAMXMIT.xmi (application/xmit) in SBGOLOB.CBT505.FILE182
2023-04-02 22:26:27.345240   - Received to CBT182/XMIT182.VSAMINFO
2023-04-02 22:26:27.346545 - Found VSUBCMD.txt (text/plain) in SBGOLOB.CBT505.FILE182, moved to FILE182/VSUBCMD
2023-04-02 22:26:27.347664 - Found VTSOACF2.txt (text/plain) in SBGOLOB.CBT505.FILE182, moved to FILE182/VTSOACF2
2023-04-02 22:26:27.349025 - Found VTSOCMD.txt (text/plain) in SBGOLOB.CBT505.FILE182, moved to FILE182/VTSOCMD
2023-04-02 22:26:27.350085 - Found VTSOPCF.txt (text/plain) in SBGOLOB.CBT505.FILE182, moved to FILE182/VTSOPCF
2023-04-02 22:26:27.351123 - Found VTSORACF.txt (text/plain) in SBGOLOB.CBT505.FILE182, moved to FILE182/VTSORACF
2023-04-02 22:26:27.352101 - Found XDSECT.rexx (text/plain) in SBGOLOB.CBT505.FILE182, moved to FILE182/XDSECT
2023-04-02 22:26:27.353115 - Found XDSECT2.rexx (text/plain) in SBGOLOB.CBT505.FILE182, moved to FILE182/XDSECT2
2023-04-02 22:26:27.418979 - Found XEDIT.xmi (application/xmit) in SBGOLOB.CBT505.FILE182
2023-04-02 22:26:27.424370   - Received to CBT182/VAR255.EXEC
2023-04-02 22:26:27.425635 - Found YALE.rexx (text/plain) in SBGOLOB.CBT505.FILE182, moved to FILE182/YALE
2023-04-02 22:26:27.426739 - Found ZAPCTL.rexx (text/plain) in SBGOLOB.CBT505.FILE182, moved to FILE182/ZAPCTL
2023-04-02 22:26:27.427830 - Found ZAPCTL#.txt (text/plain) in SBGOLOB.CBT505.FILE182, moved to FILE182/ZAPCTL#
2023-04-02 22:26:27.427844 - Found ZIPS2214.zip (application/zip), trying to unzip
2023-04-02 22:26:27.428028 - Found ZIPS2214.zip (application/zip), extracting to CBT182/ZIPS2214
2023-04-02 22:26:27.433049 - Found ZIPS2837.zip (application/zip), trying to unzip
2023-04-02 22:26:27.433226 - Found ZIPS2837.zip (application/zip), extracting to CBT182/ZIPS2837
2023-04-02 22:26:27.435884 - Found ZIPZXPO.zip (application/zip), trying to unzip
2023-04-02 22:26:27.436005 - Found ZIPZXPO.zip (application/zip), extracting to CBT182/ZIPZXPO
2023-04-02 22:26:27.442782 - Found ZTSOHELP.bin containing application/octet-stream, moved to FILE182/ZTSOHELP
2023-04-02 22:26:27.562019 - Found Z035XMIT.xmi (application/xmit) in SBGOLOB.CBT505.FILE182
2023-04-02 22:26:27.575596   - Received RECFM=U data, stored XMIT file as CBT182/Z035XMIT.xmi
